[0810/203412.526:ERROR:process_reader_win.cc(155)] SuspendThread: Access is denied. (0x5)
[0810/203412.530:ERROR:process_reader_win.cc(155)] SuspendThread: Access is denied. (0x5)
[0810/203412.530:ERROR:process_reader_win.cc(155)] SuspendThread: Access is denied. (0x5)
[0810/203412.530:ERROR:process_reader_win.cc(155)] SuspendThread: Access is denied. (0x5)
[0810/203412.530:ERROR:process_reader_win.cc(155)] SuspendThread: Access is denied. (0x5)
[0810/203412.530:ERROR:process_reader_win.cc(155)] SuspendThread: Access is denied. (0x5)
[0810/203412.530:ERROR:process_reader_win.cc(155)] SuspendThread: Access is denied. (0x5)
[0810/203412.530:ERROR:process_reader_win.cc(155)] SuspendThread: Access is denied. (0x5)
[0810/203412.530:ERROR:process_reader_win.cc(155)] SuspendThread: Access is denied. (0x5)
[0810/203412.530:ERROR:process_reader_win.cc(155)] SuspendThread: Access is denied. (0x5)
[0810/203412.530:ERROR:process_reader_win.cc(155)] SuspendThread: Access is denied. (0x5)
[0810/203412.530:ERROR:process_reader_win.cc(155)] SuspendThread: Access is denied. (0x5)
[0810/203412.530:ERROR:process_reader_win.cc(155)] SuspendThread: Access is denied. (0x5)
[0810/203412.530:ERROR:process_reader_win.cc(155)] SuspendThread: Access is denied. (0x5)
[0810/203412.530:ERROR:exception_snapshot_win.cc(99)] thread ID 2852 not found in process
[0810/203412.868:ERROR:minidumpwritedump_with_crashpad_info.cc(435)] Failed to call MiniDumpWriteDump: Access is denied. (0x80070005)
[0810/203412.868:ERROR:minidumpwritedump_with_crashpad_info.cc(592)] Failed to write minidump file
[0810/203412.868:ERROR:crash_report_exception_handler.cc(132)] TryMiniDumpWriteDumpWithCrashpadInfo failed
[0810/203412.868:ERROR:process_memory_win.cc(73)] ReadMemory at 0x7ff629620000 of 64 bytes failed: Only part of a ReadProcessMemory or WriteProcessMemory request was completed. (0x12B)
[0810/203412.868:WARNING:pe_image_reader.cc(340)] could not read dos header from C:\Program Files (x86)\Microsoft\Edge\Application\msedge.exe
[0810/203412.868:ERROR:process_memory_win.cc(73)] ReadMemory at 0x7ff9d1580000 of 64 bytes failed: Only part of a ReadProcessMemory or WriteProcessMemory request was completed. (0x12B)
[0810/203412.868:WARNING:pe_image_reader.cc(340)] could not read dos header from C:\WINDOWS\System32\KERNEL32.DLL
[0810/203412.868:ERROR:process_memory_win.cc(73)] ReadMemory at 0x7ff9ced80000 of 64 bytes failed: Only part of a ReadProcessMemory or WriteProcessMemory request was completed. (0x12B)
[0810/203412.868:WARNING:pe_image_reader.cc(340)] could not read dos header from C:\WINDOWS\System32\KERNELBASE.dll
[0810/203412.868:ERROR:process_memory_win.cc(73)] ReadMemory at 0x7ff983f20000 of 64 bytes failed: Only part of a ReadProcessMemory or WriteProcessMemory request was completed. (0x12B)
[0810/203412.868:WARNING:pe_image_reader.cc(340)] could not read dos header from C:\Program Files (x86)\Microsoft\Edge\Application\84.0.522.52\msedge_elf.dll
[0810/203412.868:ERROR:process_memory_win.cc(73)] ReadMemory at 0x7ff9cf030000 of 64 bytes failed: Only part of a ReadProcessMemory or WriteProcessMemory request was completed. (0x12B)
[0810/203412.868:WARNING:pe_image_reader.cc(340)] could not read dos header from C:\WINDOWS\System32\bcryptPrimitives.dll
[0810/203412.868:ERROR:process_memory_win.cc(73)] ReadMemory at 0x7ff9d06a0000 of 64 bytes failed: Only part of a ReadProcessMemory or WriteProcessMemory request was completed. (0x12B)
[0810/203412.868:WARNING:pe_image_reader.cc(340)] could not read dos header from C:\WINDOWS\System32\ADVAPI32.dll
[0810/203412.868:ERROR:process_memory_win.cc(73)] ReadMemory at 0x7ff9d08f0000 of 64 bytes failed: Only part of a ReadProcessMemory or WriteProcessMemory request was completed. (0x12B)
[0810/203412.868:WARNING:pe_image_reader.cc(340)] could not read dos header from C:\WINDOWS\System32\msvcrt.dll
[0810/203412.868:ERROR:process_memory_win.cc(73)] ReadMemory at 0x7ff9cfe50000 of 64 bytes failed: Only part of a ReadProcessMemory or WriteProcessMemory request was completed. (0x12B)
[0810/203412.868:WARNING:pe_image_reader.cc(340)] could not read dos header from C:\WINDOWS\System32\sechost.dll
[0810/203412.868:ERROR:process_memory_win.cc(73)] ReadMemory at 0x7ff9d0990000 of 64 bytes failed: Only part of a ReadProcessMemory or WriteProcessMemory request was completed. (0x12B)
[0810/203412.868:WARNING:pe_image_reader.cc(340)] could not read dos header from C:\WINDOWS\System32\RPCRT4.dll
[0810/203412.868:ERROR:process_memory_win.cc(73)] ReadMemory at 0x12c94fc0000 of 64 bytes failed: Only part of a ReadProcessMemory or WriteProcessMemory request was completed. (0x12B)
[0810/203412.868:WARNING:pe_image_reader.cc(340)] could not read dos header from C:\WINDOWS\System32\WS2_32.dll
[0810/203412.868:ERROR:process_memory_win.cc(73)] ReadMemory at 0x7ff9d0770000 of 64 bytes failed: Only part of a ReadProcessMemory or WriteProcessMemory request was completed. (0x12B)
[0810/203412.868:WARNING:pe_image_reader.cc(340)] could not read dos header from C:\WINDOWS\System32\OLEAUT32.dll
[0810/203412.868:ERROR:process_memory_win.cc(73)] ReadMemory at 0x7ff9cf470000 of 64 bytes failed: Only part of a ReadProcessMemory or WriteProcessMemory request was completed. (0x12B)
[0810/203412.868:WARNING:pe_image_reader.cc(340)] could not read dos header from C:\WINDOWS\System32\msvcp_win.dll
[0810/203412.868:ERROR:process_memory_win.cc(73)] ReadMemory at 0x7ff9cf510000 of 64 bytes failed: Only part of a ReadProcessMemory or WriteProcessMemory request was completed. (0x12B)
[0810/203412.868:WARNING:pe_image_reader.cc(340)] could not read dos header from C:\WINDOWS\System32\ucrtbase.dll
[0810/203412.868:ERROR:process_memory_win.cc(73)] ReadMemory at 0x7ff9d0360000 of 64 bytes failed: Only part of a ReadProcessMemory or WriteProcessMemory request was completed. (0x12B)
[0810/203412.868:WARNING:pe_image_reader.cc(340)] could not read dos header from C:\WINDOWS\System32\combase.dll
[0810/203412.868:ERROR:process_memory_win.cc(73)] ReadMemory at 0x7ff9ced20000 of 64 bytes failed: Only part of a ReadProcessMemory or WriteProcessMemory request was completed. (0x12B)
[0810/203412.868:WARNING:pe_image_reader.cc(340)] could not read dos header from C:\WINDOWS\System32\WINTRUST.dll
[0810/203412.868:ERROR:process_memory_win.cc(73)] ReadMemory at 0x7ff9cec60000 of 64 bytes failed: Only part of a ReadProcessMemory or WriteProcessMemory request was completed. (0x12B)
[0810/203412.868:WARNING:pe_image_reader.cc(340)] could not read dos header from C:\WINDOWS\System32\MSASN1.dll
[0810/203412.868:ERROR:process_memory_win.cc(73)] ReadMemory at 0x7ff9cf0b0000 of 64 bytes failed: Only part of a ReadProcessMemory or WriteProcessMemory request was completed. (0x12B)
[0810/203412.868:WARNING:pe_image_reader.cc(340)] could not read dos header from C:\WINDOWS\System32\CRYPT32.dll
[0810/203412.868:ERROR:process_memory_win.cc(73)] ReadMemory at 0x7ff9cdaf0000 of 64 bytes failed: Only part of a ReadProcessMemory or WriteProcessMemory request was completed. (0x12B)
[0810/203412.868:WARNING:pe_image_reader.cc(340)] could not read dos header from C:\WINDOWS\SYSTEM32\IPHLPAPI.DLL
[0810/203412.868:ERROR:process_memory_win.cc(73)] ReadMemory at 0x7ff9cb800000 of 64 bytes failed: Only part of a ReadProcessMemory or WriteProcessMemory request was completed. (0x12B)
[0810/203412.868:WARNING:pe_image_reader.cc(340)] could not read dos header from C:\WINDOWS\SYSTEM32\WINMM.dll
[0810/203412.868:ERROR:process_memory_win.cc(73)] ReadMemory at 0x7ff9bc910000 of 64 bytes failed: Only part of a ReadProcessMemory or WriteProcessMemory request was completed. (0x12B)
[0810/203412.868:WARNING:pe_image_reader.cc(340)] could not read dos header from C:\WINDOWS\SYSTEM32\Secur32.dll
[0810/203412.868:ERROR:process_memory_win.cc(73)] ReadMemory at 0x7ff9ceb70000 of 64 bytes failed: Only part of a ReadProcessMemory or WriteProcessMemory request was completed. (0x12B)
[0810/203412.868:WARNING:pe_image_reader.cc(340)] could not read dos header from C:\WINDOWS\SYSTEM32\USERENV.dll
[0810/203412.868:ERROR:process_memory_win.cc(73)] ReadMemory at 0x7ff9cec80000 of 64 bytes failed: Only part of a ReadProcessMemory or WriteProcessMemory request was completed. (0x12B)
[0810/203412.868:WARNING:pe_image_reader.cc(340)] could not read dos header from C:\WINDOWS\System32\profapi.dll
[0810/203412.868:ERROR:process_memory_win.cc(73)] ReadMemory at 0x7ff9ae030000 of 64 bytes failed: Only part of a ReadProcessMemory or WriteProcessMemory request was completed. (0x12B)
[0810/203412.868:WARNING:pe_image_reader.cc(340)] could not read dos header from C:\WINDOWS\SYSTEM32\UIAutomationCore.DLL
[0810/203412.872:ERROR:process_memory_win.cc(73)] ReadMemory at 0x7ff9c2750000 of 64 bytes failed: Only part of a ReadProcessMemory or WriteProcessMemory request was completed. (0x12B)
[0810/203412.872:WARNING:pe_image_reader.cc(340)] could not read dos header from C:\WINDOWS\SYSTEM32\WINHTTP.dll
[0810/203412.872:ERROR:process_memory_win.cc(73)] ReadMemory at 0x7ff9bfee0000 of 64 bytes failed: Only part of a ReadProcessMemory or WriteProcessMemory request was completed. (0x12B)
[0810/203412.872:WARNING:pe_image_reader.cc(340)] could not read dos header from C:\WINDOWS\SYSTEM32\DWrite.dll
[0810/203412.872:ERROR:process_memory_win.cc(73)] ReadMemory at 0x7ff9bbeb0000 of 64 bytes failed: Only part of a ReadProcessMemory or WriteProcessMemory request was completed. (0x12B)
[0810/203412.872:WARNING:pe_image_reader.cc(340)] could not read dos header from C:\WINDOWS\SYSTEM32\WINSPOOL.DRV
[0810/203412.872:ERROR:process_memory_win.cc(73)] ReadMemory at 0x7ff9ced00000 of 64 bytes failed: Only part of a ReadProcessMemory or WriteProcessMemory request was completed. (0x12B)
[0810/203412.872:WARNING:pe_image_reader.cc(340)] could not read dos header from C:\WINDOWS\System32\kernel.appcore.dll
[0810/203412.872:ERROR:process_memory_win.cc(73)] ReadMemory at 0x7ff9cf2a0000 of 64 bytes failed: Only part of a ReadProcessMemory or WriteProcessMemory request was completed. (0x12B)
[0810/203412.872:WARNING:pe_image_reader.cc(340)] could not read dos header from C:\WINDOWS\System32\bcrypt.dll
[0810/203412.872:ERROR:process_memory_win.cc(73)] ReadMemory at 0x7ff9ce710000 of 64 bytes failed: Only part of a ReadProcessMemory or WriteProcessMemory request was completed. (0x12B)
[0810/203412.872:WARNING:pe_image_reader.cc(340)] could not read dos header from C:\WINDOWS\SYSTEM32\dbghelp.dll
[0810/203412.872:ERROR:process_memory_win.cc(73)] ReadMemory at 0x7ff9ce0d0000 of 64 bytes failed: Only part of a ReadProcessMemory or WriteProcessMemory request was completed. (0x12B)
[0810/203412.872:WARNING:pe_image_reader.cc(340)] could not read dos header from C:\WINDOWS\SYSTEM32\ncrypt.dll
[0810/203412.872:ERROR:process_memory_win.cc(73)] ReadMemory at 0x7ff9c46c0000 of 64 bytes failed: Only part of a ReadProcessMemory or WriteProcessMemory request was completed. (0x12B)
[0810/203412.872:WARNING:pe_image_reader.cc(340)] could not read dos header from C:\WINDOWS\SYSTEM32\dhcpcsvc.DLL
[0810/203412.872:ERROR:process_memory_win.cc(73)] ReadMemory at 0x7ff9cb7d0000 of 64 bytes failed: Only part of a ReadProcessMemory or WriteProcessMemory request was completed. (0x12B)
[0810/203412.872:WARNING:pe_image_reader.cc(340)] could not read dos header from C:\WINDOWS\SYSTEM32\WINMMBASE.dll
[0810/203412.872:ERROR:process_memory_win.cc(73)] ReadMemory at 0x7ff9cf220000 of 64 bytes failed: Only part of a ReadProcessMemory or WriteProcessMemory request was completed. (0x12B)
[0810/203412.872:WARNING:pe_image_reader.cc(340)] could not read dos header from C:\WINDOWS\System32\cfgmgr32.dll
[0810/203412.872:ERROR:process_memory_win.cc(73)] ReadMemory at 0x7ff9cd090000 of 64 bytes failed: Only part of a ReadProcessMemory or WriteProcessMemory request was completed. (0x12B)
[0810/203412.872:WARNING:pe_image_reader.cc(340)] could not read dos header from C:\WINDOWS\SYSTEM32\PROPSYS.dll
[0810/203412.872:ERROR:process_memory_win.cc(73)] ReadMemory at 0x7ff9ce090000 of 64 bytes failed: Only part of a ReadProcessMemory or WriteProcessMemory request was completed. (0x12B)
[0810/203412.872:WARNING:pe_image_reader.cc(340)] could not read dos header from C:\WINDOWS\SYSTEM32\NTASN1.dll
[0810/203412.872:ERROR:process_memory_win.cc(73)] ReadMemory at 0x7ff9ceb40000 of 64 bytes failed: Only part of a ReadProcessMemory or WriteProcessMemory request was completed. (0x12B)
[0810/203412.872:WARNING:pe_image_reader.cc(340)] could not read dos header from C:\WINDOWS\SYSTEM32\SSPICLI.DLL
[0810/203412.872:ERROR:process_memory_win.cc(73)] ReadMemory at 0x7ff9cdfb0000 of 64 bytes failed: Only part of a ReadProcessMemory or WriteProcessMemory request was completed. (0x12B)
[0810/203412.872:WARNING:pe_image_reader.cc(340)] could not read dos header from C:\WINDOWS\SYSTEM32\CRYPTBASE.DLL
[0810/203412.872:ERROR:process_memory_win.cc(73)] ReadMemory at 0x7ff629620000 of 64 bytes failed: Only part of a ReadProcessMemory or WriteProcessMemory request was completed. (0x12B)
[0810/203412.872:WARNING:pe_image_reader.cc(340)] could not read dos header from C:\Program Files (x86)\Microsoft\Edge\Application\msedge.exe
[0810/203412.872:ERROR:process_memory_win.cc(73)] ReadMemory at 0x7ff629620000 of 64 bytes failed: Only part of a ReadProcessMemory or WriteProcessMemory request was completed. (0x12B)
[0810/203412.872:WARNING:pe_image_reader.cc(340)] could not read dos header from C:\Program Files (x86)\Microsoft\Edge\Application\msedge.exe
[0810/203412.872:ERROR:process_memory_win.cc(73)] ReadMemory at 0x7ff9d1580000 of 64 bytes failed: Only part of a ReadProcessMemory or WriteProcessMemory request was completed. (0x12B)
[0810/203412.872:WARNING:pe_image_reader.cc(340)] could not read dos header from C:\WINDOWS\System32\KERNEL32.DLL
[0810/203412.872:ERROR:process_memory_win.cc(73)] ReadMemory at 0x7ff9d1580000 of 64 bytes failed: Only part of a ReadProcessMemory or WriteProcessMemory request was completed. (0x12B)
[0810/203412.872:WARNING:pe_image_reader.cc(340)] could not read dos header from C:\WINDOWS\System32\KERNEL32.DLL
[0810/203412.872:ERROR:process_memory_win.cc(73)] ReadMemory at 0x7ff9ced80000 of 64 bytes failed: Only part of a ReadProcessMemory or WriteProcessMemory request was completed. (0x12B)
[0810/203412.872:WARNING:pe_image_reader.cc(340)] could not read dos header from C:\WINDOWS\System32\KERNELBASE.dll
[0810/203412.872:ERROR:process_memory_win.cc(73)] ReadMemory at 0x7ff9ced80000 of 64 bytes failed: Only part of a ReadProcessMemory or WriteProcessMemory request was completed. (0x12B)
[0810/203412.872:WARNING:pe_image_reader.cc(340)] could not read dos header from C:\WINDOWS\System32\KERNELBASE.dll
[0810/203412.872:ERROR:process_memory_win.cc(73)] ReadMemory at 0x7ff983f20000 of 64 bytes failed: Only part of a ReadProcessMemory or WriteProcessMemory request was completed. (0x12B)
[0810/203412.872:WARNING:pe_image_reader.cc(340)] could not read dos header from C:\Program Files (x86)\Microsoft\Edge\Application\84.0.522.52\msedge_elf.dll
[0810/203412.872:ERROR:process_memory_win.cc(73)] ReadMemory at 0x7ff983f20000 of 64 bytes failed: Only part of a ReadProcessMemory or WriteProcessMemory request was completed. (0x12B)
[0810/203412.872:WARNING:pe_image_reader.cc(340)] could not read dos header from C:\Program Files (x86)\Microsoft\Edge\Application\84.0.522.52\msedge_elf.dll
[0810/203412.872:ERROR:process_memory_win.cc(73)] ReadMemory at 0x7ff9cf030000 of 64 bytes failed: Only part of a ReadProcessMemory or WriteProcessMemory request was completed. (0x12B)
[0810/203412.872:WARNING:pe_image_reader.cc(340)] could not read dos header from C:\WINDOWS\System32\bcryptPrimitives.dll
[0810/203412.872:ERROR:process_memory_win.cc(73)] ReadMemory at 0x7ff9cf030000 of 64 bytes failed: Only part of a ReadProcessMemory or WriteProcessMemory request was completed. (0x12B)
[0810/203412.872:WARNING:pe_image_reader.cc(340)] could not read dos header from C:\WINDOWS\System32\bcryptPrimitives.dll
[0810/203412.872:ERROR:process_memory_win.cc(73)] ReadMemory at 0x7ff9d06a0000 of 64 bytes failed: Only part of a ReadProcessMemory or WriteProcessMemory request was completed. (0x12B)
[0810/203412.872:WARNING:pe_image_reader.cc(340)] could not read dos header from C:\WINDOWS\System32\ADVAPI32.dll
[0810/203412.872:ERROR:process_memory_win.cc(73)] ReadMemory at 0x7ff9d06a0000 of 64 bytes failed: Only part of a ReadProcessMemory or WriteProcessMemory request was completed. (0x12B)
[0810/203412.872:WARNING:pe_image_reader.cc(340)] could not read dos header from C:\WINDOWS\System32\ADVAPI32.dll
[0810/203412.872:ERROR:process_memory_win.cc(73)] ReadMemory at 0x7ff9d08f0000 of 64 bytes failed: Only part of a ReadProcessMemory or WriteProcessMemory request was completed. (0x12B)
[0810/203412.872:WARNING:pe_image_reader.cc(340)] could not read dos header from C:\WINDOWS\System32\msvcrt.dll
[0810/203412.872:ERROR:process_memory_win.cc(73)] ReadMemory at 0x7ff9d08f0000 of 64 bytes failed: Only part of a ReadProcessMemory or WriteProcessMemory request was completed. (0x12B)
[0810/203412.872:WARNING:pe_image_reader.cc(340)] could not read dos header from C:\WINDOWS\System32\msvcrt.dll
[0810/203412.872:ERROR:process_memory_win.cc(73)] ReadMemory at 0x7ff9cfe50000 of 64 bytes failed: Only part of a ReadProcessMemory or WriteProcessMemory request was completed. (0x12B)
[0810/203412.872:WARNING:pe_image_reader.cc(340)] could not read dos header from C:\WINDOWS\System32\sechost.dll
[0810/203412.872:ERROR:process_memory_win.cc(73)] ReadMemory at 0x7ff9cfe50000 of 64 bytes failed: Only part of a ReadProcessMemory or WriteProcessMemory request was completed. (0x12B)
[0810/203412.872:WARNING:pe_image_reader.cc(340)] could not read dos header from C:\WINDOWS\System32\sechost.dll
[0810/203412.872:ERROR:process_memory_win.cc(73)] ReadMemory at 0x7ff9d0990000 of 64 bytes failed: Only part of a ReadProcessMemory or WriteProcessMemory request was completed. (0x12B)
[0810/203412.872:WARNING:pe_image_reader.cc(340)] could not read dos header from C:\WINDOWS\System32\RPCRT4.dll
[0810/203412.872:ERROR:process_memory_win.cc(73)] ReadMemory at 0x7ff9d0990000 of 64 bytes failed: Only part of a ReadProcessMemory or WriteProcessMemory request was completed. (0x12B)
[0810/203412.872:WARNING:pe_image_reader.cc(340)] could not read dos header from C:\WINDOWS\System32\RPCRT4.dll
[0810/203412.872:ERROR:process_memory_win.cc(73)] ReadMemory at 0x7ff96cc80000 of 64 bytes failed: Only part of a ReadProcessMemory or WriteProcessMemory request was completed. (0x12B)
[0810/203412.872:WARNING:pe_image_reader.cc(340)] could not read dos header from C:\Program Files (x86)\Microsoft\Edge\Application\84.0.522.52\msedge.dll
[0810/203412.872:ERROR:process_memory_win.cc(73)] ReadMemory at 0x7ff96cc80000 of 64 bytes failed: Only part of a ReadProcessMemory or WriteProcessMemory request was completed. (0x12B)
[0810/203412.872:WARNING:pe_image_reader.cc(340)] could not read dos header from C:\Program Files (x86)\Microsoft\Edge\Application\84.0.522.52\msedge.dll
[0810/203412.872:ERROR:process_memory_win.cc(73)] ReadMemory at 0x12c94fc0000 of 64 bytes failed: Only part of a ReadProcessMemory or WriteProcessMemory request was completed. (0x12B)
[0810/203412.872:WARNING:pe_image_reader.cc(340)] could not read dos header from C:\WINDOWS\System32\WS2_32.dll
[0810/203412.872:ERROR:process_memory_win.cc(73)] ReadMemory at 0x12c94fc0000 of 64 bytes failed: Only part of a ReadProcessMemory or WriteProcessMemory request was completed. (0x12B)
[0810/203412.872:WARNING:pe_image_reader.cc(340)] could not read dos header from C:\WINDOWS\System32\WS2_32.dll
[0810/203412.872:ERROR:process_memory_win.cc(73)] ReadMemory at 0x7ff9d0770000 of 64 bytes failed: Only part of a ReadProcessMemory or WriteProcessMemory request was completed. (0x12B)
[0810/203412.872:WARNING:pe_image_reader.cc(340)] could not read dos header from C:\WINDOWS\System32\OLEAUT32.dll
[0810/203412.872:ERROR:process_memory_win.cc(73)] ReadMemory at 0x7ff9d0770000 of 64 bytes failed: Only part of a ReadProcessMemory or WriteProcessMemory request was completed. (0x12B)
[0810/203412.872:WARNING:pe_image_reader.cc(340)] could not read dos header from C:\WINDOWS\System32\OLEAUT32.dll
[0810/203412.872:ERROR:process_memory_win.cc(73)] ReadMemory at 0x7ff9cf470000 of 64 bytes failed: Only part of a ReadProcessMemory or WriteProcessMemory request was completed. (0x12B)
[0810/203412.872:WARNING:pe_image_reader.cc(340)] could not read dos header from C:\WINDOWS\System32\msvcp_win.dll
[0810/203412.872:ERROR:process_memory_win.cc(73)] ReadMemory at 0x7ff9cf470000 of 64 bytes failed: Only part of a ReadProcessMemory or WriteProcessMemory request was completed. (0x12B)
[0810/203412.872:WARNING:pe_image_reader.cc(340)] could not read dos header from C:\WINDOWS\System32\msvcp_win.dll
[0810/203412.872:ERROR:process_memory_win.cc(73)] ReadMemory at 0x7ff9cf510000 of 64 bytes failed: Only part of a ReadProcessMemory or WriteProcessMemory request was completed. (0x12B)
[0810/203412.872:WARNING:pe_image_reader.cc(340)] could not read dos header from C:\WINDOWS\System32\ucrtbase.dll
[0810/203412.872:ERROR:process_memory_win.cc(73)] ReadMemory at 0x7ff9cf510000 of 64 bytes failed: Only part of a ReadProcessMemory or WriteProcessMemory request was completed. (0x12B)
[0810/203412.872:WARNING:pe_image_reader.cc(340)] could not read dos header from C:\WINDOWS\System32\ucrtbase.dll
[0810/203412.872:ERROR:process_memory_win.cc(73)] ReadMemory at 0x7ff9d0360000 of 64 bytes failed: Only part of a ReadProcessMemory or WriteProcessMemory request was completed. (0x12B)
[0810/203412.872:WARNING:pe_image_reader.cc(340)] could not read dos header from C:\WINDOWS\System32\combase.dll
[0810/203412.872:ERROR:process_memory_win.cc(73)] ReadMemory at 0x7ff9d0360000 of 64 bytes failed: Only part of a ReadProcessMemory or WriteProcessMemory request was completed. (0x12B)
[0810/203412.876:WARNING:pe_image_reader.cc(340)] could not read dos header from C:\WINDOWS\System32\combase.dll
[0810/203412.876:ERROR:process_memory_win.cc(73)] ReadMemory at 0x7ff9ced20000 of 64 bytes failed: Only part of a ReadProcessMemory or WriteProcessMemory request was completed. (0x12B)
[0810/203412.876:WARNING:pe_image_reader.cc(340)] could not read dos header from C:\WINDOWS\System32\WINTRUST.dll
[0810/203412.876:ERROR:process_memory_win.cc(73)] ReadMemory at 0x7ff9ced20000 of 64 bytes failed: Only part of a ReadProcessMemory or WriteProcessMemory request was completed. (0x12B)
[0810/203412.876:WARNING:pe_image_reader.cc(340)] could not read dos header from C:\WINDOWS\System32\WINTRUST.dll
[0810/203412.876:ERROR:process_memory_win.cc(73)] ReadMemory at 0x7ff9cec60000 of 64 bytes failed: Only part of a ReadProcessMemory or WriteProcessMemory request was completed. (0x12B)
[0810/203412.876:WARNING:pe_image_reader.cc(340)] could not read dos header from C:\WINDOWS\System32\MSASN1.dll
[0810/203412.876:ERROR:process_memory_win.cc(73)] ReadMemory at 0x7ff9cec60000 of 64 bytes failed: Only part of a ReadProcessMemory or WriteProcessMemory request was completed. (0x12B)
[0810/203412.876:WARNING:pe_image_reader.cc(340)] could not read dos header from C:\WINDOWS\System32\MSASN1.dll
[0810/203412.876:ERROR:process_memory_win.cc(73)] ReadMemory at 0x7ff9cf0b0000 of 64 bytes failed: Only part of a ReadProcessMemory or WriteProcessMemory request was completed. (0x12B)
[0810/203412.876:WARNING:pe_image_reader.cc(340)] could not read dos header from C:\WINDOWS\System32\CRYPT32.dll
[0810/203412.876:ERROR:process_memory_win.cc(73)] ReadMemory at 0x7ff9cf0b0000 of 64 bytes failed: Only part of a ReadProcessMemory or WriteProcessMemory request was completed. (0x12B)
[0810/203412.876:WARNING:pe_image_reader.cc(340)] could not read dos header from C:\WINDOWS\System32\CRYPT32.dll
[0810/203412.876:ERROR:process_memory_win.cc(73)] ReadMemory at 0x7ff9cdaf0000 of 64 bytes failed: Only part of a ReadProcessMemory or WriteProcessMemory request was completed. (0x12B)
[0810/203412.876:WARNING:pe_image_reader.cc(340)] could not read dos header from C:\WINDOWS\SYSTEM32\IPHLPAPI.DLL
[0810/203412.876:ERROR:process_memory_win.cc(73)] ReadMemory at 0x7ff9cdaf0000 of 64 bytes failed: Only part of a ReadProcessMemory or WriteProcessMemory request was completed. (0x12B)
[0810/203412.876:WARNING:pe_image_reader.cc(340)] could not read dos header from C:\WINDOWS\SYSTEM32\IPHLPAPI.DLL
[0810/203412.876:ERROR:process_memory_win.cc(73)] ReadMemory at 0x7ff9cb800000 of 64 bytes failed: Only part of a ReadProcessMemory or WriteProcessMemory request was completed. (0x12B)
[0810/203412.876:WARNING:pe_image_reader.cc(340)] could not read dos header from C:\WINDOWS\SYSTEM32\WINMM.dll
[0810/203412.876:ERROR:process_memory_win.cc(73)] ReadMemory at 0x7ff9cb800000 of 64 bytes failed: Only part of a ReadProcessMemory or WriteProcessMemory request was completed. (0x12B)
[0810/203412.876:WARNING:pe_image_reader.cc(340)] could not read dos header from C:\WINDOWS\SYSTEM32\WINMM.dll
[0810/203412.876:ERROR:process_memory_win.cc(73)] ReadMemory at 0x7ff9bc910000 of 64 bytes failed: Only part of a ReadProcessMemory or WriteProcessMemory request was completed. (0x12B)
[0810/203412.876:WARNING:pe_image_reader.cc(340)] could not read dos header from C:\WINDOWS\SYSTEM32\Secur32.dll
[0810/203412.876:ERROR:process_memory_win.cc(73)] ReadMemory at 0x7ff9bc910000 of 64 bytes failed: Only part of a ReadProcessMemory or WriteProcessMemory request was completed. (0x12B)
[0810/203412.876:WARNING:pe_image_reader.cc(340)] could not read dos header from C:\WINDOWS\SYSTEM32\Secur32.dll
[0810/203412.876:ERROR:process_memory_win.cc(73)] ReadMemory at 0x7ff9ceb70000 of 64 bytes failed: Only part of a ReadProcessMemory or WriteProcessMemory request was completed. (0x12B)
[0810/203412.876:WARNING:pe_image_reader.cc(340)] could not read dos header from C:\WINDOWS\SYSTEM32\USERENV.dll
[0810/203412.876:ERROR:process_memory_win.cc(73)] ReadMemory at 0x7ff9ceb70000 of 64 bytes failed: Only part of a ReadProcessMemory or WriteProcessMemory request was completed. (0x12B)
[0810/203412.876:WARNING:pe_image_reader.cc(340)] could not read dos header from C:\WINDOWS\SYSTEM32\USERENV.dll
[0810/203412.876:ERROR:process_memory_win.cc(73)] ReadMemory at 0x7ff9cec80000 of 64 bytes failed: Only part of a ReadProcessMemory or WriteProcessMemory request was completed. (0x12B)
[0810/203412.876:WARNING:pe_image_reader.cc(340)] could not read dos header from C:\WINDOWS\System32\profapi.dll
[0810/203412.876:ERROR:process_memory_win.cc(73)] ReadMemory at 0x7ff9cec80000 of 64 bytes failed: Only part of a ReadProcessMemory or WriteProcessMemory request was completed. (0x12B)
[0810/203412.876:WARNING:pe_image_reader.cc(340)] could not read dos header from C:\WINDOWS\System32\profapi.dll
[0810/203412.876:ERROR:process_memory_win.cc(73)] ReadMemory at 0x7ff9ae030000 of 64 bytes failed: Only part of a ReadProcessMemory or WriteProcessMemory request was completed. (0x12B)
[0810/203412.876:WARNING:pe_image_reader.cc(340)] could not read dos header from C:\WINDOWS\SYSTEM32\UIAutomationCore.DLL
[0810/203412.876:ERROR:process_memory_win.cc(73)] ReadMemory at 0x7ff9ae030000 of 64 bytes failed: Only part of a ReadProcessMemory or WriteProcessMemory request was completed. (0x12B)
[0810/203412.876:WARNING:pe_image_reader.cc(340)] could not read dos header from C:\WINDOWS\SYSTEM32\UIAutomationCore.DLL
[0810/203412.876:ERROR:process_memory_win.cc(73)] ReadMemory at 0x7ff9c2750000 of 64 bytes failed: Only part of a ReadProcessMemory or WriteProcessMemory request was completed. (0x12B)
[0810/203412.876:WARNING:pe_image_reader.cc(340)] could not read dos header from C:\WINDOWS\SYSTEM32\WINHTTP.dll
[0810/203412.876:ERROR:process_memory_win.cc(73)] ReadMemory at 0x7ff9c2750000 of 64 bytes failed: Only part of a ReadProcessMemory or WriteProcessMemory request was completed. (0x12B)
[0810/203412.876:WARNING:pe_image_reader.cc(340)] could not read dos header from C:\WINDOWS\SYSTEM32\WINHTTP.dll
[0810/203412.876:ERROR:process_memory_win.cc(73)] ReadMemory at 0x7ff9bfee0000 of 64 bytes failed: Only part of a ReadProcessMemory or WriteProcessMemory request was completed. (0x12B)
[0810/203412.876:WARNING:pe_image_reader.cc(340)] could not read dos header from C:\WINDOWS\SYSTEM32\DWrite.dll
[0810/203412.876:ERROR:process_memory_win.cc(73)] ReadMemory at 0x7ff9bfee0000 of 64 bytes failed: Only part of a ReadProcessMemory or WriteProcessMemory request was completed. (0x12B)
[0810/203412.876:WARNING:pe_image_reader.cc(340)] could not read dos header from C:\WINDOWS\SYSTEM32\DWrite.dll
[0810/203412.876:ERROR:process_memory_win.cc(73)] ReadMemory at 0x7ff9bbeb0000 of 64 bytes failed: Only part of a ReadProcessMemory or WriteProcessMemory request was completed. (0x12B)
[0810/203412.876:WARNING:pe_image_reader.cc(340)] could not read dos header from C:\WINDOWS\SYSTEM32\WINSPOOL.DRV
[0810/203412.876:ERROR:process_memory_win.cc(73)] ReadMemory at 0x7ff9bbeb0000 of 64 bytes failed: Only part of a ReadProcessMemory or WriteProcessMemory request was completed. (0x12B)
[0810/203412.876:WARNING:pe_image_reader.cc(340)] could not read dos header from C:\WINDOWS\SYSTEM32\WINSPOOL.DRV
[0810/203412.876:ERROR:process_memory_win.cc(73)] ReadMemory at 0x7ff9ced00000 of 64 bytes failed: Only part of a ReadProcessMemory or WriteProcessMemory request was completed. (0x12B)
[0810/203412.876:WARNING:pe_image_reader.cc(340)] could not read dos header from C:\WINDOWS\System32\kernel.appcore.dll
[0810/203412.876:ERROR:process_memory_win.cc(73)] ReadMemory at 0x7ff9ced00000 of 64 bytes failed: Only part of a ReadProcessMemory or WriteProcessMemory request was completed. (0x12B)
[0810/203412.876:WARNING:pe_image_reader.cc(340)] could not read dos header from C:\WINDOWS\System32\kernel.appcore.dll
[0810/203412.876:ERROR:process_memory_win.cc(73)] ReadMemory at 0x7ff9cf2a0000 of 64 bytes failed: Only part of a ReadProcessMemory or WriteProcessMemory request was completed. (0x12B)
[0810/203412.876:WARNING:pe_image_reader.cc(340)] could not read dos header from C:\WINDOWS\System32\bcrypt.dll
[0810/203412.876:ERROR:process_memory_win.cc(73)] ReadMemory at 0x7ff9cf2a0000 of 64 bytes failed: Only part of a ReadProcessMemory or WriteProcessMemory request was completed. (0x12B)
[0810/203412.876:WARNING:pe_image_reader.cc(340)] could not read dos header from C:\WINDOWS\System32\bcrypt.dll
[0810/203412.876:ERROR:process_memory_win.cc(73)] ReadMemory at 0x7ff9ce710000 of 64 bytes failed: Only part of a ReadProcessMemory or WriteProcessMemory request was completed. (0x12B)
[0810/203412.876:WARNING:pe_image_reader.cc(340)] could not read dos header from C:\WINDOWS\SYSTEM32\dbghelp.dll
[0810/203412.876:ERROR:process_memory_win.cc(73)] ReadMemory at 0x7ff9ce710000 of 64 bytes failed: Only part of a ReadProcessMemory or WriteProcessMemory request was completed. (0x12B)
[0810/203412.876:WARNING:pe_image_reader.cc(340)] could not read dos header from C:\WINDOWS\SYSTEM32\dbghelp.dll
[0810/203412.876:ERROR:process_memory_win.cc(73)] ReadMemory at 0x7ff9ce0d0000 of 64 bytes failed: Only part of a ReadProcessMemory or WriteProcessMemory request was completed. (0x12B)
[0810/203412.876:WARNING:pe_image_reader.cc(340)] could not read dos header from C:\WINDOWS\SYSTEM32\ncrypt.dll
[0810/203412.876:ERROR:process_memory_win.cc(73)] ReadMemory at 0x7ff9ce0d0000 of 64 bytes failed: Only part of a ReadProcessMemory or WriteProcessMemory request was completed. (0x12B)
[0810/203412.876:WARNING:pe_image_reader.cc(340)] could not read dos header from C:\WINDOWS\SYSTEM32\ncrypt.dll
[0810/203412.876:ERROR:process_memory_win.cc(73)] ReadMemory at 0x7ff9c46c0000 of 64 bytes failed: Only part of a ReadProcessMemory or WriteProcessMemory request was completed. (0x12B)
[0810/203412.876:WARNING:pe_image_reader.cc(340)] could not read dos header from C:\WINDOWS\SYSTEM32\dhcpcsvc.DLL
[0810/203412.876:ERROR:process_memory_win.cc(73)] ReadMemory at 0x7ff9c46c0000 of 64 bytes failed: Only part of a ReadProcessMemory or WriteProcessMemory request was completed. (0x12B)
[0810/203412.876:WARNING:pe_image_reader.cc(340)] could not read dos header from C:\WINDOWS\SYSTEM32\dhcpcsvc.DLL
[0810/203412.876:ERROR:process_memory_win.cc(73)] ReadMemory at 0x7ff9cb7d0000 of 64 bytes failed: Only part of a ReadProcessMemory or WriteProcessMemory request was completed. (0x12B)
[0810/203412.876:WARNING:pe_image_reader.cc(340)] could not read dos header from C:\WINDOWS\SYSTEM32\WINMMBASE.dll
[0810/203412.876:ERROR:process_memory_win.cc(73)] ReadMemory at 0x7ff9cb7d0000 of 64 bytes failed: Only part of a ReadProcessMemory or WriteProcessMemory request was completed. (0x12B)
[0810/203412.876:WARNING:pe_image_reader.cc(340)] could not read dos header from C:\WINDOWS\SYSTEM32\WINMMBASE.dll
[0810/203412.876:ERROR:process_memory_win.cc(73)] ReadMemory at 0x7ff9cf220000 of 64 bytes failed: Only part of a ReadProcessMemory or WriteProcessMemory request was completed. (0x12B)
[0810/203412.876:WARNING:pe_image_reader.cc(340)] could not read dos header from C:\WINDOWS\System32\cfgmgr32.dll
[0810/203412.876:ERROR:process_memory_win.cc(73)] ReadMemory at 0x7ff9cf220000 of 64 bytes failed: Only part of a ReadProcessMemory or WriteProcessMemory request was completed. (0x12B)
[0810/203412.876:WARNING:pe_image_reader.cc(340)] could not read dos header from C:\WINDOWS\System32\cfgmgr32.dll
[0810/203412.876:ERROR:process_memory_win.cc(73)] ReadMemory at 0x7ff9cd090000 of 64 bytes failed: Only part of a ReadProcessMemory or WriteProcessMemory request was completed. (0x12B)
[0810/203412.876:WARNING:pe_image_reader.cc(340)] could not read dos header from C:\WINDOWS\SYSTEM32\PROPSYS.dll
[0810/203412.876:ERROR:process_memory_win.cc(73)] ReadMemory at 0x7ff9cd090000 of 64 bytes failed: Only part of a ReadProcessMemory or WriteProcessMemory request was completed. (0x12B)
[0810/203412.876:WARNING:pe_image_reader.cc(340)] could not read dos header from C:\WINDOWS\SYSTEM32\PROPSYS.dll
[0810/203412.876:ERROR:process_memory_win.cc(73)] ReadMemory at 0x7ff9ce090000 of 64 bytes failed: Only part of a ReadProcessMemory or WriteProcessMemory request was completed. (0x12B)
[0810/203412.876:WARNING:pe_image_reader.cc(340)] could not read dos header from C:\WINDOWS\SYSTEM32\NTASN1.dll
[0810/203412.876:ERROR:process_memory_win.cc(73)] ReadMemory at 0x7ff9ce090000 of 64 bytes failed: Only part of a ReadProcessMemory or WriteProcessMemory request was completed. (0x12B)
[0810/203412.876:WARNING:pe_image_reader.cc(340)] could not read dos header from C:\WINDOWS\SYSTEM32\NTASN1.dll
[0810/203412.876:ERROR:process_memory_win.cc(73)] ReadMemory at 0x7ff9ceb40000 of 64 bytes failed: Only part of a ReadProcessMemory or WriteProcessMemory request was completed. (0x12B)
[0810/203412.876:WARNING:pe_image_reader.cc(340)] could not read dos header from C:\WINDOWS\SYSTEM32\SSPICLI.DLL
[0810/203412.876:ERROR:process_memory_win.cc(73)] ReadMemory at 0x7ff9ceb40000 of 64 bytes failed: Only part of a ReadProcessMemory or WriteProcessMemory request was completed. (0x12B)
[0810/203412.880:WARNING:pe_image_reader.cc(340)] could not read dos header from C:\WINDOWS\SYSTEM32\SSPICLI.DLL
[0810/203412.880:ERROR:process_memory_win.cc(73)] ReadMemory at 0x7ff9cdfb0000 of 64 bytes failed: Only part of a ReadProcessMemory or WriteProcessMemory request was completed. (0x12B)
[0810/203412.880:WARNING:pe_image_reader.cc(340)] could not read dos header from C:\WINDOWS\SYSTEM32\CRYPTBASE.DLL
[0810/203412.880:ERROR:process_memory_win.cc(73)] ReadMemory at 0x7ff9cdfb0000 of 64 bytes failed: Only part of a ReadProcessMemory or WriteProcessMemory request was completed. (0x12B)
[0810/203412.880:WARNING:pe_image_reader.cc(340)] could not read dos header from C:\WINDOWS\SYSTEM32\CRYPTBASE.DLL
[0810/203412.912:ERROR:process_memory_win.cc(73)] ReadMemory at 0x7ff629620000 of 64 bytes failed: Only part of a ReadProcessMemory or WriteProcessMemory request was completed. (0x12B)
[0810/203412.912:WARNING:pe_image_reader.cc(340)] could not read dos header from C:\Program Files (x86)\Microsoft\Edge\Application\msedge.exe
[0810/203412.912:ERROR:process_memory_win.cc(73)] ReadMemory at 0x7ff9d1580000 of 64 bytes failed: Only part of a ReadProcessMemory or WriteProcessMemory request was completed. (0x12B)
[0810/203412.912:WARNING:pe_image_reader.cc(340)] could not read dos header from C:\WINDOWS\System32\KERNEL32.DLL
[0810/203412.912:ERROR:process_memory_win.cc(73)] ReadMemory at 0x7ff9ced80000 of 64 bytes failed: Only part of a ReadProcessMemory or WriteProcessMemory request was completed. (0x12B)
[0810/203412.912:WARNING:pe_image_reader.cc(340)] could not read dos header from C:\WINDOWS\System32\KERNELBASE.dll
[0810/203412.912:ERROR:process_memory_win.cc(73)] ReadMemory at 0x7ff983f20000 of 64 bytes failed: Only part of a ReadProcessMemory or WriteProcessMemory request was completed. (0x12B)
[0810/203412.912:WARNING:pe_image_reader.cc(340)] could not read dos header from C:\Program Files (x86)\Microsoft\Edge\Application\84.0.522.52\msedge_elf.dll
[0810/203412.912:ERROR:process_memory_win.cc(73)] ReadMemory at 0x7ff9cf030000 of 64 bytes failed: Only part of a ReadProcessMemory or WriteProcessMemory request was completed. (0x12B)
[0810/203412.912:WARNING:pe_image_reader.cc(340)] could not read dos header from C:\WINDOWS\System32\bcryptPrimitives.dll
[0810/203412.912:ERROR:process_memory_win.cc(73)] ReadMemory at 0x7ff9d06a0000 of 64 bytes failed: Only part of a ReadProcessMemory or WriteProcessMemory request was completed. (0x12B)
[0810/203412.912:WARNING:pe_image_reader.cc(340)] could not read dos header from C:\WINDOWS\System32\ADVAPI32.dll
[0810/203412.912:ERROR:process_memory_win.cc(73)] ReadMemory at 0x7ff9d08f0000 of 64 bytes failed: Only part of a ReadProcessMemory or WriteProcessMemory request was completed. (0x12B)
[0810/203412.912:WARNING:pe_image_reader.cc(340)] could not read dos header from C:\WINDOWS\System32\msvcrt.dll
[0810/203412.912:ERROR:process_memory_win.cc(73)] ReadMemory at 0x7ff9cfe50000 of 64 bytes failed: Only part of a ReadProcessMemory or WriteProcessMemory request was completed. (0x12B)
[0810/203412.912:WARNING:pe_image_reader.cc(340)] could not read dos header from C:\WINDOWS\System32\sechost.dll
[0810/203412.912:ERROR:process_memory_win.cc(73)] ReadMemory at 0x7ff9d0990000 of 64 bytes failed: Only part of a ReadProcessMemory or WriteProcessMemory request was completed. (0x12B)
[0810/203412.912:WARNING:pe_image_reader.cc(340)] could not read dos header from C:\WINDOWS\System32\RPCRT4.dll
[0810/203412.916:ERROR:process_memory_win.cc(73)] ReadMemory at 0x7ff96cc80000 of 64 bytes failed: Only part of a ReadProcessMemory or WriteProcessMemory request was completed. (0x12B)
[0810/203412.916:WARNING:pe_image_reader.cc(340)] could not read dos header from C:\Program Files (x86)\Microsoft\Edge\Application\84.0.522.52\msedge.dll
[0810/203412.916:ERROR:process_memory_win.cc(73)] ReadMemory at 0x12c94fc0000 of 64 bytes failed: Only part of a ReadProcessMemory or WriteProcessMemory request was completed. (0x12B)
[0810/203412.916:WARNING:pe_image_reader.cc(340)] could not read dos header from C:\WINDOWS\System32\WS2_32.dll
[0810/203412.916:ERROR:process_memory_win.cc(73)] ReadMemory at 0x7ff9d0770000 of 64 bytes failed: Only part of a ReadProcessMemory or WriteProcessMemory request was completed. (0x12B)
[0810/203412.916:WARNING:pe_image_reader.cc(340)] could not read dos header from C:\WINDOWS\System32\OLEAUT32.dll
[0810/203412.916:ERROR:process_memory_win.cc(73)] ReadMemory at 0x7ff9cf470000 of 64 bytes failed: Only part of a ReadProcessMemory or WriteProcessMemory request was completed. (0x12B)
[0810/203412.916:WARNING:pe_image_reader.cc(340)] could not read dos header from C:\WINDOWS\System32\msvcp_win.dll
[0810/203412.916:ERROR:process_memory_win.cc(73)] ReadMemory at 0x7ff9cf510000 of 64 bytes failed: Only part of a ReadProcessMemory or WriteProcessMemory request was completed. (0x12B)
[0810/203412.916:WARNING:pe_image_reader.cc(340)] could not read dos header from C:\WINDOWS\System32\ucrtbase.dll
[0810/203412.916:ERROR:process_memory_win.cc(73)] ReadMemory at 0x7ff9d0360000 of 64 bytes failed: Only part of a ReadProcessMemory or WriteProcessMemory request was completed. (0x12B)
[0810/203412.916:WARNING:pe_image_reader.cc(340)] could not read dos header from C:\WINDOWS\System32\combase.dll
[0810/203412.916:ERROR:process_memory_win.cc(73)] ReadMemory at 0x7ff9ced20000 of 64 bytes failed: Only part of a ReadProcessMemory or WriteProcessMemory request was completed. (0x12B)
[0810/203412.916:WARNING:pe_image_reader.cc(340)] could not read dos header from C:\WINDOWS\System32\WINTRUST.dll
[0810/203412.916:ERROR:process_memory_win.cc(73)] ReadMemory at 0x7ff9cec60000 of 64 bytes failed: Only part of a ReadProcessMemory or WriteProcessMemory request was completed. (0x12B)
[0810/203412.916:WARNING:pe_image_reader.cc(340)] could not read dos header from C:\WINDOWS\System32\MSASN1.dll
[0810/203412.916:ERROR:process_memory_win.cc(73)] ReadMemory at 0x7ff9cf0b0000 of 64 bytes failed: Only part of a ReadProcessMemory or WriteProcessMemory request was completed. (0x12B)
[0810/203412.916:WARNING:pe_image_reader.cc(340)] could not read dos header from C:\WINDOWS\System32\CRYPT32.dll
[0810/203412.916:ERROR:process_memory_win.cc(73)] ReadMemory at 0x7ff9cdaf0000 of 64 bytes failed: Only part of a ReadProcessMemory or WriteProcessMemory request was completed. (0x12B)
[0810/203412.916:WARNING:pe_image_reader.cc(340)] could not read dos header from C:\WINDOWS\SYSTEM32\IPHLPAPI.DLL
[0810/203412.916:ERROR:process_memory_win.cc(73)] ReadMemory at 0x7ff9cb800000 of 64 bytes failed: Only part of a ReadProcessMemory or WriteProcessMemory request was completed. (0x12B)
[0810/203412.916:WARNING:pe_image_reader.cc(340)] could not read dos header from C:\WINDOWS\SYSTEM32\WINMM.dll
[0810/203412.916:ERROR:process_memory_win.cc(73)] ReadMemory at 0x7ff9bc910000 of 64 bytes failed: Only part of a ReadProcessMemory or WriteProcessMemory request was completed. (0x12B)
[0810/203412.916:WARNING:pe_image_reader.cc(340)] could not read dos header from C:\WINDOWS\SYSTEM32\Secur32.dll
[0810/203412.916:ERROR:process_memory_win.cc(73)] ReadMemory at 0x7ff9ceb70000 of 64 bytes failed: Only part of a ReadProcessMemory or WriteProcessMemory request was completed. (0x12B)
[0810/203412.916:WARNING:pe_image_reader.cc(340)] could not read dos header from C:\WINDOWS\SYSTEM32\USERENV.dll
[0810/203412.916:ERROR:process_memory_win.cc(73)] ReadMemory at 0x7ff9cec80000 of 64 bytes failed: Only part of a ReadProcessMemory or WriteProcessMemory request was completed. (0x12B)
[0810/203412.916:WARNING:pe_image_reader.cc(340)] could not read dos header from C:\WINDOWS\System32\profapi.dll
[0810/203412.916:ERROR:process_memory_win.cc(73)] ReadMemory at 0x7ff9ae030000 of 64 bytes failed: Only part of a ReadProcessMemory or WriteProcessMemory request was completed. (0x12B)
[0810/203412.916:WARNING:pe_image_reader.cc(340)] could not read dos header from C:\WINDOWS\SYSTEM32\UIAutomationCore.DLL
[0810/203412.916:ERROR:process_memory_win.cc(73)] ReadMemory at 0x7ff9c2750000 of 64 bytes failed: Only part of a ReadProcessMemory or WriteProcessMemory request was completed. (0x12B)
[0810/203412.916:WARNING:pe_image_reader.cc(340)] could not read dos header from C:\WINDOWS\SYSTEM32\WINHTTP.dll
[0810/203412.916:ERROR:process_memory_win.cc(73)] ReadMemory at 0x7ff9bfee0000 of 64 bytes failed: Only part of a ReadProcessMemory or WriteProcessMemory request was completed. (0x12B)
[0810/203412.916:WARNING:pe_image_reader.cc(340)] could not read dos header from C:\WINDOWS\SYSTEM32\DWrite.dll
[0810/203412.916:ERROR:process_memory_win.cc(73)] ReadMemory at 0x7ff9bbeb0000 of 64 bytes failed: Only part of a ReadProcessMemory or WriteProcessMemory request was completed. (0x12B)
[0810/203412.916:WARNING:pe_image_reader.cc(340)] could not read dos header from C:\WINDOWS\SYSTEM32\WINSPOOL.DRV
[0810/203412.916:ERROR:process_memory_win.cc(73)] ReadMemory at 0x7ff9ced00000 of 64 bytes failed: Only part of a ReadProcessMemory or WriteProcessMemory request was completed. (0x12B)
[0810/203412.916:WARNING:pe_image_reader.cc(340)] could not read dos header from C:\WINDOWS\System32\kernel.appcore.dll
[0810/203412.916:ERROR:process_memory_win.cc(73)] ReadMemory at 0x7ff9cf2a0000 of 64 bytes failed: Only part of a ReadProcessMemory or WriteProcessMemory request was completed. (0x12B)
[0810/203412.916:WARNING:pe_image_reader.cc(340)] could not read dos header from C:\WINDOWS\System32\bcrypt.dll
[0810/203412.916:ERROR:process_memory_win.cc(73)] ReadMemory at 0x7ff9ce710000 of 64 bytes failed: Only part of a ReadProcessMemory or WriteProcessMemory request was completed. (0x12B)
[0810/203412.916:WARNING:pe_image_reader.cc(340)] could not read dos header from C:\WINDOWS\SYSTEM32\dbghelp.dll
[0810/203412.916:ERROR:process_memory_win.cc(73)] ReadMemory at 0x7ff9ce0d0000 of 64 bytes failed: Only part of a ReadProcessMemory or WriteProcessMemory request was completed. (0x12B)
[0810/203412.916:WARNING:pe_image_reader.cc(340)] could not read dos header from C:\WINDOWS\SYSTEM32\ncrypt.dll
[0810/203412.916:ERROR:process_memory_win.cc(73)] ReadMemory at 0x7ff9c46c0000 of 64 bytes failed: Only part of a ReadProcessMemory or WriteProcessMemory request was completed. (0x12B)
[0810/203412.916:WARNING:pe_image_reader.cc(340)] could not read dos header from C:\WINDOWS\SYSTEM32\dhcpcsvc.DLL
[0810/203412.916:ERROR:process_memory_win.cc(73)] ReadMemory at 0x7ff9cb7d0000 of 64 bytes failed: Only part of a ReadProcessMemory or WriteProcessMemory request was completed. (0x12B)
[0810/203412.916:WARNING:pe_image_reader.cc(340)] could not read dos header from C:\WINDOWS\SYSTEM32\WINMMBASE.dll
[0810/203412.916:ERROR:process_memory_win.cc(73)] ReadMemory at 0x7ff9cf220000 of 64 bytes failed: Only part of a ReadProcessMemory or WriteProcessMemory request was completed. (0x12B)
[0810/203412.916:WARNING:pe_image_reader.cc(340)] could not read dos header from C:\WINDOWS\System32\cfgmgr32.dll
[0810/203412.916:ERROR:process_memory_win.cc(73)] ReadMemory at 0x7ff9cd090000 of 64 bytes failed: Only part of a ReadProcessMemory or WriteProcessMemory request was completed. (0x12B)
[0810/203412.916:WARNING:pe_image_reader.cc(340)] could not read dos header from C:\WINDOWS\SYSTEM32\PROPSYS.dll
[0810/203412.916:ERROR:process_memory_win.cc(73)] ReadMemory at 0x7ff9ce090000 of 64 bytes failed: Only part of a ReadProcessMemory or WriteProcessMemory request was completed. (0x12B)
[0810/203412.916:WARNING:pe_image_reader.cc(340)] could not read dos header from C:\WINDOWS\SYSTEM32\NTASN1.dll
[0810/203412.916:ERROR:process_memory_win.cc(73)] ReadMemory at 0x7ff9ceb40000 of 64 bytes failed: Only part of a ReadProcessMemory or WriteProcessMemory request was completed. (0x12B)
[0810/203412.916:WARNING:pe_image_reader.cc(340)] could not read dos header from C:\WINDOWS\SYSTEM32\SSPICLI.DLL
[0810/203412.916:ERROR:process_memory_win.cc(73)] ReadMemory at 0x7ff9cdfb0000 of 64 bytes failed: Only part of a ReadProcessMemory or WriteProcessMemory request was completed. (0x12B)
[0810/203412.916:WARNING:pe_image_reader.cc(340)] could not read dos header from C:\WINDOWS\SYSTEM32\CRYPTBASE.DLL
[0810/203412.920:ERROR:process_memory_win.cc(73)] ReadMemory at 0x7ff629620000 of 64 bytes failed: Only part of a ReadProcessMemory or WriteProcessMemory request was completed. (0x12B)
[0810/203412.920:WARNING:pe_image_reader.cc(340)] could not read dos header from C:\Program Files (x86)\Microsoft\Edge\Application\msedge.exe
[0810/203412.920:ERROR:process_memory_win.cc(73)] ReadMemory at 0x7ff9d1580000 of 64 bytes failed: Only part of a ReadProcessMemory or WriteProcessMemory request was completed. (0x12B)
[0810/203412.920:WARNING:pe_image_reader.cc(340)] could not read dos header from C:\WINDOWS\System32\KERNEL32.DLL
[0810/203412.920:ERROR:process_memory_win.cc(73)] ReadMemory at 0x7ff9ced80000 of 64 bytes failed: Only part of a ReadProcessMemory or WriteProcessMemory request was completed. (0x12B)
[0810/203412.920:WARNING:pe_image_reader.cc(340)] could not read dos header from C:\WINDOWS\System32\KERNELBASE.dll
[0810/203412.920:ERROR:process_memory_win.cc(73)] ReadMemory at 0x7ff983f20000 of 64 bytes failed: Only part of a ReadProcessMemory or WriteProcessMemory request was completed. (0x12B)
[0810/203412.920:WARNING:pe_image_reader.cc(340)] could not read dos header from C:\Program Files (x86)\Microsoft\Edge\Application\84.0.522.52\msedge_elf.dll
[0810/203412.920:ERROR:process_memory_win.cc(73)] ReadMemory at 0x7ff9cf030000 of 64 bytes failed: Only part of a ReadProcessMemory or WriteProcessMemory request was completed. (0x12B)
[0810/203412.920:WARNING:pe_image_reader.cc(340)] could not read dos header from C:\WINDOWS\System32\bcryptPrimitives.dll
[0810/203412.920:ERROR:process_memory_win.cc(73)] ReadMemory at 0x7ff9d06a0000 of 64 bytes failed: Only part of a ReadProcessMemory or WriteProcessMemory request was completed. (0x12B)
[0810/203412.920:WARNING:pe_image_reader.cc(340)] could not read dos header from C:\WINDOWS\System32\ADVAPI32.dll
[0810/203412.920:ERROR:process_memory_win.cc(73)] ReadMemory at 0x7ff9d08f0000 of 64 bytes failed: Only part of a ReadProcessMemory or WriteProcessMemory request was completed. (0x12B)
[0810/203412.920:WARNING:pe_image_reader.cc(340)] could not read dos header from C:\WINDOWS\System32\msvcrt.dll
[0810/203412.920:ERROR:process_memory_win.cc(73)] ReadMemory at 0x7ff9cfe50000 of 64 bytes failed: Only part of a ReadProcessMemory or WriteProcessMemory request was completed. (0x12B)
[0810/203412.920:WARNING:pe_image_reader.cc(340)] could not read dos header from C:\WINDOWS\System32\sechost.dll
[0810/203412.920:ERROR:process_memory_win.cc(73)] ReadMemory at 0x7ff9d0990000 of 64 bytes failed: Only part of a ReadProcessMemory or WriteProcessMemory request was completed. (0x12B)
[0810/203412.920:WARNING:pe_image_reader.cc(340)] could not read dos header from C:\WINDOWS\System32\RPCRT4.dll
[0810/203412.920:ERROR:process_memory_win.cc(73)] ReadMemory at 0x7ff96cc80000 of 64 bytes failed: Only part of a ReadProcessMemory or WriteProcessMemory request was completed. (0x12B)
[0810/203412.920:WARNING:pe_image_reader.cc(340)] could not read dos header from C:\Program Files (x86)\Microsoft\Edge\Application\84.0.522.52\msedge.dll
[0810/203412.920:ERROR:process_memory_win.cc(73)] ReadMemory at 0x12c94fc0000 of 64 bytes failed: Only part of a ReadProcessMemory or WriteProcessMemory request was completed. (0x12B)
[0810/203412.920:WARNING:pe_image_reader.cc(340)] could not read dos header from C:\WINDOWS\System32\WS2_32.dll
[0810/203412.920:ERROR:process_memory_win.cc(73)] ReadMemory at 0x7ff9d0770000 of 64 bytes failed: Only part of a ReadProcessMemory or WriteProcessMemory request was completed. (0x12B)
[0810/203412.920:WARNING:pe_image_reader.cc(340)] could not read dos header from C:\WINDOWS\System32\OLEAUT32.dll
[0810/203412.920:ERROR:process_memory_win.cc(73)] ReadMemory at 0x7ff9cf470000 of 64 bytes failed: Only part of a ReadProcessMemory or WriteProcessMemory request was completed. (0x12B)
[0810/203412.920:WARNING:pe_image_reader.cc(340)] could not read dos header from C:\WINDOWS\System32\msvcp_win.dll
[0810/203412.920:ERROR:process_memory_win.cc(73)] ReadMemory at 0x7ff9cf510000 of 64 bytes failed: Only part of a ReadProcessMemory or WriteProcessMemory request was completed. (0x12B)
[0810/203412.920:WARNING:pe_image_reader.cc(340)] could not read dos header from C:\WINDOWS\System32\ucrtbase.dll
[0810/203412.920:ERROR:process_memory_win.cc(73)] ReadMemory at 0x7ff9d0360000 of 64 bytes failed: Only part of a ReadProcessMemory or WriteProcessMemory request was completed. (0x12B)
[0810/203412.920:WARNING:pe_image_reader.cc(340)] could not read dos header from C:\WINDOWS\System32\combase.dll
[0810/203412.920:ERROR:process_memory_win.cc(73)] ReadMemory at 0x7ff9ced20000 of 64 bytes failed: Only part of a ReadProcessMemory or WriteProcessMemory request was completed. (0x12B)
[0810/203412.920:WARNING:pe_image_reader.cc(340)] could not read dos header from C:\WINDOWS\System32\WINTRUST.dll
[0810/203412.920:ERROR:process_memory_win.cc(73)] ReadMemory at 0x7ff9cec60000 of 64 bytes failed: Only part of a ReadProcessMemory or WriteProcessMemory request was completed. (0x12B)
[0810/203412.920:WARNING:pe_image_reader.cc(340)] could not read dos header from C:\WINDOWS\System32\MSASN1.dll
[0810/203412.920:ERROR:process_memory_win.cc(73)] ReadMemory at 0x7ff9cf0b0000 of 64 bytes failed: Only part of a ReadProcessMemory or WriteProcessMemory request was completed. (0x12B)
[0810/203412.920:WARNING:pe_image_reader.cc(340)] could not read dos header from C:\WINDOWS\System32\CRYPT32.dll
[0810/203412.920:ERROR:process_memory_win.cc(73)] ReadMemory at 0x7ff9cdaf0000 of 64 bytes failed: Only part of a ReadProcessMemory or WriteProcessMemory request was completed. (0x12B)
[0810/203412.920:WARNING:pe_image_reader.cc(340)] could not read dos header from C:\WINDOWS\SYSTEM32\IPHLPAPI.DLL
[0810/203412.920:ERROR:process_memory_win.cc(73)] ReadMemory at 0x7ff9cb800000 of 64 bytes failed: Only part of a ReadProcessMemory or WriteProcessMemory request was completed. (0x12B)
[0810/203412.920:WARNING:pe_image_reader.cc(340)] could not read dos header from C:\WINDOWS\SYSTEM32\WINMM.dll
[0810/203412.924:ERROR:process_memory_win.cc(73)] ReadMemory at 0x7ff9bc910000 of 64 bytes failed: Only part of a ReadProcessMemory or WriteProcessMemory request was completed. (0x12B)
[0810/203412.924:WARNING:pe_image_reader.cc(340)] could not read dos header from C:\WINDOWS\SYSTEM32\Secur32.dll
[0810/203412.924:ERROR:process_memory_win.cc(73)] ReadMemory at 0x7ff9ceb70000 of 64 bytes failed: Only part of a ReadProcessMemory or WriteProcessMemory request was completed. (0x12B)
[0810/203412.924:WARNING:pe_image_reader.cc(340)] could not read dos header from C:\WINDOWS\SYSTEM32\USERENV.dll
[0810/203412.924:ERROR:process_memory_win.cc(73)] ReadMemory at 0x7ff9cec80000 of 64 bytes failed: Only part of a ReadProcessMemory or WriteProcessMemory request was completed. (0x12B)
[0810/203412.924:WARNING:pe_image_reader.cc(340)] could not read dos header from C:\WINDOWS\System32\profapi.dll
[0810/203412.928:ERROR:process_memory_win.cc(73)] ReadMemory at 0x7ff9ae030000 of 64 bytes failed: Only part of a ReadProcessMemory or WriteProcessMemory request was completed. (0x12B)
[0810/203412.928:WARNING:pe_image_reader.cc(340)] could not read dos header from C:\WINDOWS\SYSTEM32\UIAutomationCore.DLL
[0810/203412.928:ERROR:process_memory_win.cc(73)] ReadMemory at 0x7ff9c2750000 of 64 bytes failed: Only part of a ReadProcessMemory or WriteProcessMemory request was completed. (0x12B)
[0810/203412.928:WARNING:pe_image_reader.cc(340)] could not read dos header from C:\WINDOWS\SYSTEM32\WINHTTP.dll
[0810/203412.928:ERROR:process_memory_win.cc(73)] ReadMemory at 0x7ff9bfee0000 of 64 bytes failed: Only part of a ReadProcessMemory or WriteProcessMemory request was completed. (0x12B)
[0810/203412.928:WARNING:pe_image_reader.cc(340)] could not read dos header from C:\WINDOWS\SYSTEM32\DWrite.dll
[0810/203412.928:ERROR:process_memory_win.cc(73)] ReadMemory at 0x7ff9bbeb0000 of 64 bytes failed: Only part of a ReadProcessMemory or WriteProcessMemory request was completed. (0x12B)
[0810/203412.928:WARNING:pe_image_reader.cc(340)] could not read dos header from C:\WINDOWS\SYSTEM32\WINSPOOL.DRV
[0810/203412.928:ERROR:process_memory_win.cc(73)] ReadMemory at 0x7ff9ced00000 of 64 bytes failed: Only part of a ReadProcessMemory or WriteProcessMemory request was completed. (0x12B)
[0810/203412.928:WARNING:pe_image_reader.cc(340)] could not read dos header from C:\WINDOWS\System32\kernel.appcore.dll
[0810/203412.928:ERROR:process_memory_win.cc(73)] ReadMemory at 0x7ff9cf2a0000 of 64 bytes failed: Only part of a ReadProcessMemory or WriteProcessMemory request was completed. (0x12B)
[0810/203412.928:WARNING:pe_image_reader.cc(340)] could not read dos header from C:\WINDOWS\System32\bcrypt.dll
[0810/203412.928:ERROR:process_memory_win.cc(73)] ReadMemory at 0x7ff9ce710000 of 64 bytes failed: Only part of a ReadProcessMemory or WriteProcessMemory request was completed. (0x12B)
[0810/203412.928:WARNING:pe_image_reader.cc(340)] could not read dos header from C:\WINDOWS\SYSTEM32\dbghelp.dll
[0810/203412.928:ERROR:process_memory_win.cc(73)] ReadMemory at 0x7ff9ce0d0000 of 64 bytes failed: Only part of a ReadProcessMemory or WriteProcessMemory request was completed. (0x12B)
[0810/203412.928:WARNING:pe_image_reader.cc(340)] could not read dos header from C:\WINDOWS\SYSTEM32\ncrypt.dll
[0810/203412.928:ERROR:process_memory_win.cc(73)] ReadMemory at 0x7ff9c46c0000 of 64 bytes failed: Only part of a ReadProcessMemory or WriteProcessMemory request was completed. (0x12B)
[0810/203412.928:WARNING:pe_image_reader.cc(340)] could not read dos header from C:\WINDOWS\SYSTEM32\dhcpcsvc.DLL
[0810/203412.928:ERROR:process_memory_win.cc(73)] ReadMemory at 0x7ff9cb7d0000 of 64 bytes failed: Only part of a ReadProcessMemory or WriteProcessMemory request was completed. (0x12B)
[0810/203412.928:WARNING:pe_image_reader.cc(340)] could not read dos header from C:\WINDOWS\SYSTEM32\WINMMBASE.dll
[0810/203412.928:ERROR:process_memory_win.cc(73)] ReadMemory at 0x7ff9cf220000 of 64 bytes failed: Only part of a ReadProcessMemory or WriteProcessMemory request was completed. (0x12B)
[0810/203412.928:WARNING:pe_image_reader.cc(340)] could not read dos header from C:\WINDOWS\System32\cfgmgr32.dll
[0810/203412.928:ERROR:process_memory_win.cc(73)] ReadMemory at 0x7ff9cd090000 of 64 bytes failed: Only part of a ReadProcessMemory or WriteProcessMemory request was completed. (0x12B)
[0810/203412.928:WARNING:pe_image_reader.cc(340)] could not read dos header from C:\WINDOWS\SYSTEM32\PROPSYS.dll
[0810/203412.928:ERROR:process_memory_win.cc(73)] ReadMemory at 0x7ff9ce090000 of 64 bytes failed: Only part of a ReadProcessMemory or WriteProcessMemory request was completed. (0x12B)
[0810/203412.928:WARNING:pe_image_reader.cc(340)] could not read dos header from C:\WINDOWS\SYSTEM32\NTASN1.dll
[0810/203412.928:ERROR:process_memory_win.cc(73)] ReadMemory at 0x7ff9ceb40000 of 64 bytes failed: Only part of a ReadProcessMemory or WriteProcessMemory request was completed. (0x12B)
[0810/203412.928:WARNING:pe_image_reader.cc(340)] could not read dos header from C:\WINDOWS\SYSTEM32\SSPICLI.DLL
[0810/203412.928:ERROR:process_memory_win.cc(73)] ReadMemory at 0x7ff9cdfb0000 of 64 bytes failed: Only part of a ReadProcessMemory or WriteProcessMemory request was completed. (0x12B)
[0810/203412.928:WARNING:pe_image_reader.cc(340)] could not read dos header from C:\WINDOWS\SYSTEM32\CRYPTBASE.DLL
[0810/203412.928:ERROR:process_memory_win.cc(73)] ReadMemory at 0x7ff629620000 of 64 bytes failed: Only part of a ReadProcessMemory or WriteProcessMemory request was completed. (0x12B)
[0810/203412.928:WARNING:pe_image_reader.cc(340)] could not read dos header from C:\Program Files (x86)\Microsoft\Edge\Application\msedge.exe
[0810/203412.928:ERROR:process_memory_win.cc(73)] ReadMemory at 0x7ff9d1580000 of 64 bytes failed: Only part of a ReadProcessMemory or WriteProcessMemory request was completed. (0x12B)
[0810/203412.928:WARNING:pe_image_reader.cc(340)] could not read dos header from C:\WINDOWS\System32\KERNEL32.DLL
[0810/203412.928:ERROR:process_memory_win.cc(73)] ReadMemory at 0x7ff9ced80000 of 64 bytes failed: Only part of a ReadProcessMemory or WriteProcessMemory request was completed. (0x12B)
[0810/203412.928:WARNING:pe_image_reader.cc(340)] could not read dos header from C:\WINDOWS\System32\KERNELBASE.dll
[0810/203412.928:ERROR:process_memory_win.cc(73)] ReadMemory at 0x7ff983f20000 of 64 bytes failed: Only part of a ReadProcessMemory or WriteProcessMemory request was completed. (0x12B)
[0810/203412.928:WARNING:pe_image_reader.cc(340)] could not read dos header from C:\Program Files (x86)\Microsoft\Edge\Application\84.0.522.52\msedge_elf.dll
[0810/203412.928:ERROR:process_memory_win.cc(73)] ReadMemory at 0x7ff9cf030000 of 64 bytes failed: Only part of a ReadProcessMemory or WriteProcessMemory request was completed. (0x12B)
[0810/203412.928:WARNING:pe_image_reader.cc(340)] could not read dos header from C:\WINDOWS\System32\bcryptPrimitives.dll
[0810/203412.928:ERROR:process_memory_win.cc(73)] ReadMemory at 0x7ff9d06a0000 of 64 bytes failed: Only part of a ReadProcessMemory or WriteProcessMemory request was completed. (0x12B)
[0810/203412.928:WARNING:pe_image_reader.cc(340)] could not read dos header from C:\WINDOWS\System32\ADVAPI32.dll
[0810/203412.928:ERROR:process_memory_win.cc(73)] ReadMemory at 0x7ff9d08f0000 of 64 bytes failed: Only part of a ReadProcessMemory or WriteProcessMemory request was completed. (0x12B)
[0810/203412.928:WARNING:pe_image_reader.cc(340)] could not read dos header from C:\WINDOWS\System32\msvcrt.dll
[0810/203412.928:ERROR:process_memory_win.cc(73)] ReadMemory at 0x7ff9cfe50000 of 64 bytes failed: Only part of a ReadProcessMemory or WriteProcessMemory request was completed. (0x12B)
[0810/203412.928:WARNING:pe_image_reader.cc(340)] could not read dos header from C:\WINDOWS\System32\sechost.dll
[0810/203412.928:ERROR:process_memory_win.cc(73)] ReadMemory at 0x7ff9d0990000 of 64 bytes failed: Only part of a ReadProcessMemory or WriteProcessMemory request was completed. (0x12B)
[0810/203412.928:WARNING:pe_image_reader.cc(340)] could not read dos header from C:\WINDOWS\System32\RPCRT4.dll
[0810/203412.928:ERROR:process_memory_win.cc(73)] ReadMemory at 0x7ff96cc80000 of 64 bytes failed: Only part of a ReadProcessMemory or WriteProcessMemory request was completed. (0x12B)
[0810/203412.928:WARNING:pe_image_reader.cc(340)] could not read dos header from C:\Program Files (x86)\Microsoft\Edge\Application\84.0.522.52\msedge.dll
[0810/203412.928:ERROR:process_memory_win.cc(73)] ReadMemory at 0x12c94fc0000 of 64 bytes failed: Only part of a ReadProcessMemory or WriteProcessMemory request was completed. (0x12B)
[0810/203412.928:WARNING:pe_image_reader.cc(340)] could not read dos header from C:\WINDOWS\System32\WS2_32.dll
[0810/203412.928:ERROR:process_memory_win.cc(73)] ReadMemory at 0x7ff9d0770000 of 64 bytes failed: Only part of a ReadProcessMemory or WriteProcessMemory request was completed. (0x12B)
[0810/203412.928:WARNING:pe_image_reader.cc(340)] could not read dos header from C:\WINDOWS\System32\OLEAUT32.dll
[0810/203412.928:ERROR:process_memory_win.cc(73)] ReadMemory at 0x7ff9cf470000 of 64 bytes failed: Only part of a ReadProcessMemory or WriteProcessMemory request was completed. (0x12B)
[0810/203412.928:WARNING:pe_image_reader.cc(340)] could not read dos header from C:\WINDOWS\System32\msvcp_win.dll
[0810/203412.928:ERROR:process_memory_win.cc(73)] ReadMemory at 0x7ff9cf510000 of 64 bytes failed: Only part of a ReadProcessMemory or WriteProcessMemory request was completed. (0x12B)
[0810/203412.928:WARNING:pe_image_reader.cc(340)] could not read dos header from C:\WINDOWS\System32\ucrtbase.dll
[0810/203412.928:ERROR:process_memory_win.cc(73)] ReadMemory at 0x7ff9d0360000 of 64 bytes failed: Only part of a ReadProcessMemory or WriteProcessMemory request was completed. (0x12B)
[0810/203412.928:WARNING:pe_image_reader.cc(340)] could not read dos header from C:\WINDOWS\System32\combase.dll
[0810/203412.928:ERROR:process_memory_win.cc(73)] ReadMemory at 0x7ff9ced20000 of 64 bytes failed: Only part of a ReadProcessMemory or WriteProcessMemory request was completed. (0x12B)
[0810/203412.928:WARNING:pe_image_reader.cc(340)] could not read dos header from C:\WINDOWS\System32\WINTRUST.dll
[0810/203412.928:ERROR:process_memory_win.cc(73)] ReadMemory at 0x7ff9cec60000 of 64 bytes failed: Only part of a ReadProcessMemory or WriteProcessMemory request was completed. (0x12B)
[0810/203412.928:WARNING:pe_image_reader.cc(340)] could not read dos header from C:\WINDOWS\System32\MSASN1.dll
[0810/203412.928:ERROR:process_memory_win.cc(73)] ReadMemory at 0x7ff9cf0b0000 of 64 bytes failed: Only part of a ReadProcessMemory or WriteProcessMemory request was completed. (0x12B)
[0810/203412.928:WARNING:pe_image_reader.cc(340)] could not read dos header from C:\WINDOWS\System32\CRYPT32.dll
[0810/203412.932:ERROR:process_memory_win.cc(73)] ReadMemory at 0x7ff9cdaf0000 of 64 bytes failed: Only part of a ReadProcessMemory or WriteProcessMemory request was completed. (0x12B)
[0810/203412.932:WARNING:pe_image_reader.cc(340)] could not read dos header from C:\WINDOWS\SYSTEM32\IPHLPAPI.DLL
[0810/203412.932:ERROR:process_memory_win.cc(73)] ReadMemory at 0x7ff9cb800000 of 64 bytes failed: Only part of a ReadProcessMemory or WriteProcessMemory request was completed. (0x12B)
[0810/203412.932:WARNING:pe_image_reader.cc(340)] could not read dos header from C:\WINDOWS\SYSTEM32\WINMM.dll
[0810/203412.932:ERROR:process_memory_win.cc(73)] ReadMemory at 0x7ff9bc910000 of 64 bytes failed: Only part of a ReadProcessMemory or WriteProcessMemory request was completed. (0x12B)
[0810/203412.932:WARNING:pe_image_reader.cc(340)] could not read dos header from C:\WINDOWS\SYSTEM32\Secur32.dll
[0810/203412.932:ERROR:process_memory_win.cc(73)] ReadMemory at 0x7ff9ceb70000 of 64 bytes failed: Only part of a ReadProcessMemory or WriteProcessMemory request was completed. (0x12B)
[0810/203412.932:WARNING:pe_image_reader.cc(340)] could not read dos header from C:\WINDOWS\SYSTEM32\USERENV.dll
[0810/203412.932:ERROR:process_memory_win.cc(73)] ReadMemory at 0x7ff9cec80000 of 64 bytes failed: Only part of a ReadProcessMemory or WriteProcessMemory request was completed. (0x12B)
[0810/203412.932:WARNING:pe_image_reader.cc(340)] could not read dos header from C:\WINDOWS\System32\profapi.dll
[0810/203412.932:ERROR:process_memory_win.cc(73)] ReadMemory at 0x7ff9ae030000 of 64 bytes failed: Only part of a ReadProcessMemory or WriteProcessMemory request was completed. (0x12B)
[0810/203412.932:WARNING:pe_image_reader.cc(340)] could not read dos header from C:\WINDOWS\SYSTEM32\UIAutomationCore.DLL
[0810/203412.932:ERROR:process_memory_win.cc(73)] ReadMemory at 0x7ff9c2750000 of 64 bytes failed: Only part of a ReadProcessMemory or WriteProcessMemory request was completed. (0x12B)
[0810/203412.932:WARNING:pe_image_reader.cc(340)] could not read dos header from C:\WINDOWS\SYSTEM32\WINHTTP.dll
[0810/203412.932:ERROR:process_memory_win.cc(73)] ReadMemory at 0x7ff9bfee0000 of 64 bytes failed: Only part of a ReadProcessMemory or WriteProcessMemory request was completed. (0x12B)
[0810/203412.932:WARNING:pe_image_reader.cc(340)] could not read dos header from C:\WINDOWS\SYSTEM32\DWrite.dll
[0810/203412.932:ERROR:process_memory_win.cc(73)] ReadMemory at 0x7ff9bbeb0000 of 64 bytes failed: Only part of a ReadProcessMemory or WriteProcessMemory request was completed. (0x12B)
[0810/203412.932:WARNING:pe_image_reader.cc(340)] could not read dos header from C:\WINDOWS\SYSTEM32\WINSPOOL.DRV
[0810/203412.932:ERROR:process_memory_win.cc(73)] ReadMemory at 0x7ff9ced00000 of 64 bytes failed: Only part of a ReadProcessMemory or WriteProcessMemory request was completed. (0x12B)
[0810/203412.932:WARNING:pe_image_reader.cc(340)] could not read dos header from C:\WINDOWS\System32\kernel.appcore.dll
[0810/203412.932:ERROR:process_memory_win.cc(73)] ReadMemory at 0x7ff9cf2a0000 of 64 bytes failed: Only part of a ReadProcessMemory or WriteProcessMemory request was completed. (0x12B)
[0810/203412.932:WARNING:pe_image_reader.cc(340)] could not read dos header from C:\WINDOWS\System32\bcrypt.dll
[0810/203412.932:ERROR:process_memory_win.cc(73)] ReadMemory at 0x7ff9ce710000 of 64 bytes failed: Only part of a ReadProcessMemory or WriteProcessMemory request was completed. (0x12B)
[0810/203412.932:WARNING:pe_image_reader.cc(340)] could not read dos header from C:\WINDOWS\SYSTEM32\dbghelp.dll
[0810/203412.932:ERROR:process_memory_win.cc(73)] ReadMemory at 0x7ff9ce0d0000 of 64 bytes failed: Only part of a ReadProcessMemory or WriteProcessMemory request was completed. (0x12B)
[0810/203412.932:WARNING:pe_image_reader.cc(340)] could not read dos header from C:\WINDOWS\SYSTEM32\ncrypt.dll
[0810/203412.932:ERROR:process_memory_win.cc(73)] ReadMemory at 0x7ff9c46c0000 of 64 bytes failed: Only part of a ReadProcessMemory or WriteProcessMemory request was completed. (0x12B)
[0810/203412.932:WARNING:pe_image_reader.cc(340)] could not read dos header from C:\WINDOWS\SYSTEM32\dhcpcsvc.DLL
[0810/203412.932:ERROR:process_memory_win.cc(73)] ReadMemory at 0x7ff9cb7d0000 of 64 bytes failed: Only part of a ReadProcessMemory or WriteProcessMemory request was completed. (0x12B)
[0810/203412.932:WARNING:pe_image_reader.cc(340)] could not read dos header from C:\WINDOWS\SYSTEM32\WINMMBASE.dll
[0810/203412.932:ERROR:process_memory_win.cc(73)] ReadMemory at 0x7ff9cf220000 of 64 bytes failed: Only part of a ReadProcessMemory or WriteProcessMemory request was completed. (0x12B)
[0810/203412.932:WARNING:pe_image_reader.cc(340)] could not read dos header from C:\WINDOWS\System32\cfgmgr32.dll
[0810/203412.932:ERROR:process_memory_win.cc(73)] ReadMemory at 0x7ff9cd090000 of 64 bytes failed: Only part of a ReadProcessMemory or WriteProcessMemory request was completed. (0x12B)
[0810/203412.932:WARNING:pe_image_reader.cc(340)] could not read dos header from C:\WINDOWS\SYSTEM32\PROPSYS.dll
[0810/203412.932:ERROR:process_memory_win.cc(73)] ReadMemory at 0x7ff9ce090000 of 64 bytes failed: Only part of a ReadProcessMemory or WriteProcessMemory request was completed. (0x12B)
[0810/203412.932:WARNING:pe_image_reader.cc(340)] could not read dos header from C:\WINDOWS\SYSTEM32\NTASN1.dll
[0810/203412.932:ERROR:process_memory_win.cc(73)] ReadMemory at 0x7ff9ceb40000 of 64 bytes failed: Only part of a ReadProcessMemory or WriteProcessMemory request was completed. (0x12B)
[0810/203412.932:WARNING:pe_image_reader.cc(340)] could not read dos header from C:\WINDOWS\SYSTEM32\SSPICLI.DLL
[0810/203412.932:ERROR:process_memory_win.cc(73)] ReadMemory at 0x7ff9cdfb0000 of 64 bytes failed: Only part of a ReadProcessMemory or WriteProcessMemory request was completed. (0x12B)
[0810/203412.932:WARNING:pe_image_reader.cc(340)] could not read dos header from C:\WINDOWS\SYSTEM32\CRYPTBASE.DLL
[0810/203412.940:ERROR:process_memory_win.cc(73)] ReadMemory at 0x273eb28000 of 852 bytes failed: Only part of a ReadProcessMemory or WriteProcessMemory request was completed. (0x12B)
[0810/203412.940:ERROR:process_memory_win.cc(73)] ReadMemory at 0x12c949702c0 of 40 bytes failed: Only part of a ReadProcessMemory or WriteProcessMemory request was completed. (0x12B)
[0810/203412.940:ERROR:process_memory_win.cc(73)] ReadMemory at 0x12c949802c0 of 40 bytes failed: Only part of a ReadProcessMemory or WriteProcessMemory request was completed. (0x12B)
[0810/203412.940:ERROR:process_memory_win.cc(73)] ReadMemory at 0x12c94a102c0 of 40 bytes failed: Only part of a ReadProcessMemory or WriteProcessMemory request was completed. (0x12B)
[0810/203412.940:ERROR:process_memory_win.cc(73)] ReadMemory at 0x12c94aa02c0 of 40 bytes failed: Only part of a ReadProcessMemory or WriteProcessMemory request was completed. (0x12B)
[0810/203412.940:ERROR:process_memory_win.cc(73)] ReadMemory at 0x12c94aa0fe0 of 9226 bytes failed: Only part of a ReadProcessMemory or WriteProcessMemory request was completed. (0x12B)
[0810/203412.940:ERROR:process_memory_win.cc(73)] ReadMemory at 0x12c94aa3400 of 1012 bytes failed: Only part of a ReadProcessMemory or WriteProcessMemory request was completed. (0x12B)
[0810/203412.940:ERROR:process_memory_win.cc(73)] ReadMemory at 0x12c94aa3a48 of 120 bytes failed: Only part of a ReadProcessMemory or WriteProcessMemory request was completed. (0x12B)
[0810/203412.940:ERROR:process_memory_win.cc(73)] ReadMemory at 0x12c94aa3ac2 of 790 bytes failed: Only part of a ReadProcessMemory or WriteProcessMemory request was completed. (0x12B)
[0810/203412.940:ERROR:process_memory_win.cc(73)] ReadMemory at 0x12c94aa3dda of 120 bytes failed: Only part of a ReadProcessMemory or WriteProcessMemory request was completed. (0x12B)
[0810/203412.940:ERROR:process_memory_win.cc(73)] ReadMemory at 0x12c94aa3e54 of 98 bytes failed: Only part of a ReadProcessMemory or WriteProcessMemory request was completed. (0x12B)
[0810/203412.944:ERROR:process_memory_win.cc(73)] ReadMemory at 0x12c94aa3ed0 of 58 bytes failed: Only part of a ReadProcessMemory or WriteProcessMemory request was completed. (0x12B)
[0810/203412.944:ERROR:process_memory_win.cc(73)] ReadMemory at 0x12c94aa3fd0 of 132 bytes failed: Only part of a ReadProcessMemory or WriteProcessMemory request was completed. (0x12B)
[0810/203412.944:ERROR:process_memory_win.cc(73)] ReadMemory at 0x12c94aa4160 of 132 bytes failed: Only part of a ReadProcessMemory or WriteProcessMemory request was completed. (0x12B)
[0810/203412.944:ERROR:process_memory_win.cc(73)] ReadMemory at 0x12c94aa4700 of 132 bytes failed: Only part of a ReadProcessMemory or WriteProcessMemory request was completed. (0x12B)
[0810/203412.944:ERROR:process_memory_win.cc(73)] ReadMemory at 0x12c94aa4890 of 64 bytes failed: Only part of a ReadProcessMemory or WriteProcessMemory request was completed. (0x12B)
[0810/203412.944:ERROR:process_memory_win.cc(73)] ReadMemory at 0x12c94aa4a50 of 152 bytes failed: Only part of a ReadProcessMemory or WriteProcessMemory request was completed. (0x12B)
[0810/203412.944:ERROR:process_memory_win.cc(73)] ReadMemory at 0x12c94aa4cf0 of 132 bytes failed: Only part of a ReadProcessMemory or WriteProcessMemory request was completed. (0x12B)
[0810/203412.944:ERROR:process_memory_win.cc(73)] ReadMemory at 0x12c94aa4e80 of 68 bytes failed: Only part of a ReadProcessMemory or WriteProcessMemory request was completed. (0x12B)
[0810/203412.944:ERROR:process_memory_win.cc(73)] ReadMemory at 0x12c94aa5e80 of 132 bytes failed: Only part of a ReadProcessMemory or WriteProcessMemory request was completed. (0x12B)
[0810/203412.944:ERROR:process_memory_win.cc(73)] ReadMemory at 0x12c94aab5b0 of 54 bytes failed: Only part of a ReadProcessMemory or WriteProcessMemory request was completed. (0x12B)
[0810/203412.944:ERROR:process_memory_win.cc(73)] ReadMemory at 0x12c94aac030 of 80 bytes failed: Only part of a ReadProcessMemory or WriteProcessMemory request was completed. (0x12B)
[0810/203412.944:ERROR:process_memory_win.cc(73)] ReadMemory at 0x12c94ab21d0 of 60 bytes failed: Only part of a ReadProcessMemory or WriteProcessMemory request was completed. (0x12B)
[0810/203412.944:ERROR:process_memory_win.cc(73)] ReadMemory at 0x12c94ab2310 of 62 bytes failed: Only part of a ReadProcessMemory or WriteProcessMemory request was completed. (0x12B)
[0810/203412.944:ERROR:process_memory_win.cc(73)] ReadMemory at 0x12c94ab2680 of 62 bytes failed: Only part of a ReadProcessMemory or WriteProcessMemory request was completed. (0x12B)
[0810/203412.944:ERROR:process_memory_win.cc(73)] ReadMemory at 0x12c94ab2720 of 60 bytes failed: Only part of a ReadProcessMemory or WriteProcessMemory request was completed. (0x12B)
[0810/203412.944:ERROR:process_memory_win.cc(73)] ReadMemory at 0x12c94ab4750 of 132 bytes failed: Only part of a ReadProcessMemory or WriteProcessMemory request was completed. (0x12B)
[0810/203412.944:ERROR:process_memory_win.cc(73)] ReadMemory at 0x12c94ab50b0 of 132 bytes failed: Only part of a ReadProcessMemory or WriteProcessMemory request was completed. (0x12B)
[0810/203412.944:ERROR:process_memory_win.cc(73)] ReadMemory at 0x12c94ab8570 of 132 bytes failed: Only part of a ReadProcessMemory or WriteProcessMemory request was completed. (0x12B)
[0810/203412.944:ERROR:process_memory_win.cc(73)] ReadMemory at 0x12c94ab8920 of 132 bytes failed: Only part of a ReadProcessMemory or WriteProcessMemory request was completed. (0x12B)
[0810/203412.944:ERROR:process_memory_win.cc(73)] ReadMemory at 0x12c94ab90a0 of 60 bytes failed: Only part of a ReadProcessMemory or WriteProcessMemory request was completed. (0x12B)
[0810/203412.944:ERROR:process_memory_win.cc(73)] ReadMemory at 0x12c94ab9230 of 64 bytes failed: Only part of a ReadProcessMemory or WriteProcessMemory request was completed. (0x12B)
[0810/203412.944:ERROR:process_memory_win.cc(73)] ReadMemory at 0x12c94ab92d0 of 58 bytes failed: Only part of a ReadProcessMemory or WriteProcessMemory request was completed. (0x12B)
[0810/203412.944:ERROR:process_memory_win.cc(73)] ReadMemory at 0x12c94ab9320 of 62 bytes failed: Only part of a ReadProcessMemory or WriteProcessMemory request was completed. (0x12B)
[0810/203412.944:ERROR:process_memory_win.cc(73)] ReadMemory at 0x12c94ab9370 of 64 bytes failed: Only part of a ReadProcessMemory or WriteProcessMemory request was completed. (0x12B)
[0810/203412.944:ERROR:process_memory_win.cc(73)] ReadMemory at 0x12c94ab9460 of 62 bytes failed: Only part of a ReadProcessMemory or WriteProcessMemory request was completed. (0x12B)
[0810/203412.944:ERROR:process_memory_win.cc(73)] ReadMemory at 0x12c94ab94b0 of 62 bytes failed: Only part of a ReadProcessMemory or WriteProcessMemory request was completed. (0x12B)
[0810/203412.944:ERROR:process_memory_win.cc(73)] ReadMemory at 0x12c94ab9500 of 64 bytes failed: Only part of a ReadProcessMemory or WriteProcessMemory request was completed. (0x12B)
[0810/203412.944:ERROR:process_memory_win.cc(73)] ReadMemory at 0x12c94ab9550 of 60 bytes failed: Only part of a ReadProcessMemory or WriteProcessMemory request was completed. (0x12B)
[0810/203412.944:ERROR:process_memory_win.cc(73)] ReadMemory at 0x12c94ab95a0 of 62 bytes failed: Only part of a ReadProcessMemory or WriteProcessMemory request was completed. (0x12B)
[0810/203412.944:ERROR:process_memory_win.cc(73)] ReadMemory at 0x12c94ab9640 of 60 bytes failed: Only part of a ReadProcessMemory or WriteProcessMemory request was completed. (0x12B)
[0810/203412.944:ERROR:process_memory_win.cc(73)] ReadMemory at 0x12c94ab9690 of 60 bytes failed: Only part of a ReadProcessMemory or WriteProcessMemory request was completed. (0x12B)
[0810/203412.944:ERROR:process_memory_win.cc(73)] ReadMemory at 0x12c94ab96e0 of 60 bytes failed: Only part of a ReadProcessMemory or WriteProcessMemory request was completed. (0x12B)
[0810/203412.944:ERROR:process_memory_win.cc(73)] ReadMemory at 0x12c94ab9730 of 64 bytes failed: Only part of a ReadProcessMemory or WriteProcessMemory request was completed. (0x12B)
[0810/203412.944:ERROR:process_memory_win.cc(73)] ReadMemory at 0x12c94ab9780 of 62 bytes failed: Only part of a ReadProcessMemory or WriteProcessMemory request was completed. (0x12B)
[0810/203412.944:ERROR:process_memory_win.cc(73)] ReadMemory at 0x12c94ab97d0 of 60 bytes failed: Only part of a ReadProcessMemory or WriteProcessMemory request was completed. (0x12B)
[0810/203412.944:ERROR:process_memory_win.cc(73)] ReadMemory at 0x12c94ab9820 of 64 bytes failed: Only part of a ReadProcessMemory or WriteProcessMemory request was completed. (0x12B)
[0810/203412.944:ERROR:process_memory_win.cc(73)] ReadMemory at 0x12c94ab98c0 of 64 bytes failed: Only part of a ReadProcessMemory or WriteProcessMemory request was completed. (0x12B)
[0810/203412.944:ERROR:process_memory_win.cc(73)] ReadMemory at 0x12c94ab9960 of 66 bytes failed: Only part of a ReadProcessMemory or WriteProcessMemory request was completed. (0x12B)
[0810/203412.944:ERROR:process_memory_win.cc(73)] ReadMemory at 0x12c94ab99b0 of 60 bytes failed: Only part of a ReadProcessMemory or WriteProcessMemory request was completed. (0x12B)
[0810/203412.944:ERROR:process_memory_win.cc(73)] ReadMemory at 0x12c94ab9be0 of 64 bytes failed: Only part of a ReadProcessMemory or WriteProcessMemory request was completed. (0x12B)
[0810/203412.944:ERROR:process_memory_win.cc(73)] ReadMemory at 0x12c94ab9c80 of 62 bytes failed: Only part of a ReadProcessMemory or WriteProcessMemory request was completed. (0x12B)
[0810/203412.944:ERROR:process_memory_win.cc(73)] ReadMemory at 0x12c94ab9d70 of 64 bytes failed: Only part of a ReadProcessMemory or WriteProcessMemory request was completed. (0x12B)
[0810/203412.944:ERROR:process_memory_win.cc(73)] ReadMemory at 0x12c94ab9dc0 of 62 bytes failed: Only part of a ReadProcessMemory or WriteProcessMemory request was completed. (0x12B)
[0810/203412.948:ERROR:process_memory_win.cc(73)] ReadMemory at 0x12c94ab9e10 of 62 bytes failed: Only part of a ReadProcessMemory or WriteProcessMemory request was completed. (0x12B)
[0810/203412.948:ERROR:process_memory_win.cc(73)] ReadMemory at 0x12c94ab9eb0 of 66 bytes failed: Only part of a ReadProcessMemory or WriteProcessMemory request was completed. (0x12B)
[0810/203412.948:ERROR:process_memory_win.cc(73)] ReadMemory at 0x12c94abb240 of 144 bytes failed: Only part of a ReadProcessMemory or WriteProcessMemory request was completed. (0x12B)
[0810/203412.948:ERROR:process_memory_win.cc(73)] ReadMemory at 0x12c94abc610 of 132 bytes failed: Only part of a ReadProcessMemory or WriteProcessMemory request was completed. (0x12B)
[0810/203412.948:ERROR:process_memory_win.cc(73)] ReadMemory at 0x12c94abc890 of 132 bytes failed: Only part of a ReadProcessMemory or WriteProcessMemory request was completed. (0x12B)
[0810/203412.948:ERROR:process_memory_win.cc(73)] ReadMemory at 0x12c94abc9c0 of 132 bytes failed: Only part of a ReadProcessMemory or WriteProcessMemory request was completed. (0x12B)
[0810/203412.948:ERROR:process_memory_win.cc(73)] ReadMemory at 0x12c94abcaf0 of 132 bytes failed: Only part of a ReadProcessMemory or WriteProcessMemory request was completed. (0x12B)
[0810/203412.948:ERROR:process_memory_win.cc(73)] ReadMemory at 0x12c94abcc20 of 132 bytes failed: Only part of a ReadProcessMemory or WriteProcessMemory request was completed. (0x12B)
[0810/203412.948:ERROR:process_memory_win.cc(73)] ReadMemory at 0x12c94abcd50 of 132 bytes failed: Only part of a ReadProcessMemory or WriteProcessMemory request was completed. (0x12B)
[0810/203412.948:ERROR:process_memory_win.cc(73)] ReadMemory at 0x12c94abd280 of 132 bytes failed: Only part of a ReadProcessMemory or WriteProcessMemory request was completed. (0x12B)
[0810/203412.948:ERROR:process_memory_win.cc(73)] ReadMemory at 0x12c94abd490 of 132 bytes failed: Only part of a ReadProcessMemory or WriteProcessMemory request was completed. (0x12B)
[0810/203412.948:ERROR:process_memory_win.cc(73)] ReadMemory at 0x12c94abd890 of 132 bytes failed: Only part of a ReadProcessMemory or WriteProcessMemory request was completed. (0x12B)
[0810/203412.948:ERROR:process_memory_win.cc(73)] ReadMemory at 0x12c94abdb20 of 132 bytes failed: Only part of a ReadProcessMemory or WriteProcessMemory request was completed. (0x12B)
[0810/203412.948:ERROR:process_memory_win.cc(73)] ReadMemory at 0x12c94abef70 of 132 bytes failed: Only part of a ReadProcessMemory or WriteProcessMemory request was completed. (0x12B)
[0810/203412.948:ERROR:process_memory_win.cc(73)] ReadMemory at 0x12c94abf290 of 132 bytes failed: Only part of a ReadProcessMemory or WriteProcessMemory request was completed. (0x12B)
[0810/203412.948:ERROR:process_memory_win.cc(73)] ReadMemory at 0x12c94abf4b0 of 132 bytes failed: Only part of a ReadProcessMemory or WriteProcessMemory request was completed. (0x12B)
[0810/203412.948:ERROR:process_memory_win.cc(73)] ReadMemory at 0x12c94ac2050 of 132 bytes failed: Only part of a ReadProcessMemory or WriteProcessMemory request was completed. (0x12B)
[0810/203412.948:ERROR:process_memory_win.cc(73)] ReadMemory at 0x12c94ac2180 of 132 bytes failed: Only part of a ReadProcessMemory or WriteProcessMemory request was completed. (0x12B)
[0810/203412.948:ERROR:process_memory_win.cc(73)] ReadMemory at 0x12c94ac22b0 of 132 bytes failed: Only part of a ReadProcessMemory or WriteProcessMemory request was completed. (0x12B)
[0810/203412.948:ERROR:process_memory_win.cc(73)] ReadMemory at 0x12c94ac2640 of 132 bytes failed: Only part of a ReadProcessMemory or WriteProcessMemory request was completed. (0x12B)
[0810/203412.948:ERROR:process_memory_win.cc(73)] ReadMemory at 0x12c94ac2770 of 132 bytes failed: Only part of a ReadProcessMemory or WriteProcessMemory request was completed. (0x12B)
[0810/203412.948:ERROR:process_memory_win.cc(73)] ReadMemory at 0x12c94ac28a0 of 132 bytes failed: Only part of a ReadProcessMemory or WriteProcessMemory request was completed. (0x12B)
[0810/203412.948:ERROR:process_memory_win.cc(73)] ReadMemory at 0x12c94ac29d0 of 132 bytes failed: Only part of a ReadProcessMemory or WriteProcessMemory request was completed. (0x12B)
[0810/203412.948:ERROR:process_memory_win.cc(73)] ReadMemory at 0x12c94ac2b00 of 132 bytes failed: Only part of a ReadProcessMemory or WriteProcessMemory request was completed. (0x12B)
[0810/203412.948:ERROR:process_memory_win.cc(73)] ReadMemory at 0x12c94ac2c30 of 132 bytes failed: Only part of a ReadProcessMemory or WriteProcessMemory request was completed. (0x12B)
[0810/203412.948:ERROR:process_memory_win.cc(73)] ReadMemory at 0x12c94ac2d60 of 132 bytes failed: Only part of a ReadProcessMemory or WriteProcessMemory request was completed. (0x12B)
[0810/203412.948:ERROR:process_memory_win.cc(73)] ReadMemory at 0x12c94ac2e90 of 132 bytes failed: Only part of a ReadProcessMemory or WriteProcessMemory request was completed. (0x12B)
[0810/203412.948:ERROR:process_memory_win.cc(73)] ReadMemory at 0x12c94ac3350 of 132 bytes failed: Only part of a ReadProcessMemory or WriteProcessMemory request was completed. (0x12B)
[0810/203412.948:ERROR:process_memory_win.cc(73)] ReadMemory at 0x12c94ac3480 of 132 bytes failed: Only part of a ReadProcessMemory or WriteProcessMemory request was completed. (0x12B)
[0810/203412.948:ERROR:process_memory_win.cc(73)] ReadMemory at 0x12c94ac3810 of 132 bytes failed: Only part of a ReadProcessMemory or WriteProcessMemory request was completed. (0x12B)
[0810/203412.948:ERROR:process_memory_win.cc(73)] ReadMemory at 0x12c94ac3940 of 132 bytes failed: Only part of a ReadProcessMemory or WriteProcessMemory request was completed. (0x12B)
[0810/203412.948:ERROR:process_memory_win.cc(73)] ReadMemory at 0x12c94ac3a70 of 132 bytes failed: Only part of a ReadProcessMemory or WriteProcessMemory request was completed. (0x12B)
[0810/203412.948:ERROR:process_memory_win.cc(73)] ReadMemory at 0x12c94ac3cd0 of 132 bytes failed: Only part of a ReadProcessMemory or WriteProcessMemory request was completed. (0x12B)
[0810/203412.948:ERROR:process_memory_win.cc(73)] ReadMemory at 0x12c94ac3e00 of 132 bytes failed: Only part of a ReadProcessMemory or WriteProcessMemory request was completed. (0x12B)
[0810/203412.948:ERROR:process_memory_win.cc(73)] ReadMemory at 0x12c94ac65a0 of 76 bytes failed: Only part of a ReadProcessMemory or WriteProcessMemory request was completed. (0x12B)
[0810/203412.948:ERROR:process_memory_win.cc(73)] ReadMemory at 0x12c94ac6660 of 80 bytes failed: Only part of a ReadProcessMemory or WriteProcessMemory request was completed. (0x12B)
[0810/203412.948:ERROR:process_memory_win.cc(73)] ReadMemory at 0x12c94acdff0 of 48 bytes failed: Only part of a ReadProcessMemory or WriteProcessMemory request was completed. (0x12B)
[0810/203412.948:ERROR:process_memory_win.cc(73)] ReadMemory at 0x12c94ace670 of 48 bytes failed: Only part of a ReadProcessMemory or WriteProcessMemory request was completed. (0x12B)
[0810/203412.948:ERROR:process_memory_win.cc(73)] ReadMemory at 0x12c94acf720 of 40 bytes failed: Only part of a ReadProcessMemory or WriteProcessMemory request was completed. (0x12B)
[0810/203412.948:ERROR:process_memory_win.cc(73)] ReadMemory at 0x12c94aff570 of 124 bytes failed: Only part of a ReadProcessMemory or WriteProcessMemory request was completed. (0x12B)
[0810/203412.948:ERROR:process_memory_win.cc(73)] ReadMemory at 0x12c951602c0 of 40 bytes failed: Only part of a ReadProcessMemory or WriteProcessMemory request was completed. (0x12B)
[0810/203412.948:ERROR:process_memory_win.cc(73)] ReadMemory at 0x12c9682f550 of 40 bytes failed: Only part of a ReadProcessMemory or WriteProcessMemory request was completed. (0x12B)
[0810/203412.948:ERROR:process_memory_win.cc(73)] ReadMemory at 0x7ff98400a230 of 40 bytes failed: Only part of a ReadProcessMemory or WriteProcessMemory request was completed. (0x12B)
[0810/203412.948:ERROR:process_memory_win.cc(73)] ReadMemory at 0x7ff9ceb68cb0 of 40 bytes failed: Only part of a ReadProcessMemory or WriteProcessMemory request was completed. (0x12B)
[0810/203412.952:ERROR:scoped_process_suspend.cc(40)] NtResumeProcess: An attempt was made to access an exiting process. (0xc000010a)
